#
# There is insufficient memory for the Java Runtime Environment to continue.
# Native memory allocation (mmap) failed to map 65536 bytes. Error detail: Failed to commit metaspace.
# Possible reasons:
#   The system is out of physical RAM or swap space
#   This process is running with CompressedOops enabled, and the Java Heap may be blocking the growth of the native heap
# Possible solutions:
#   Reduce memory load on the system
#   Increase physical memory or swap space
#   Check if swap backing store is full
#   Decrease Java heap size (-Xmx/-Xms)
#   Decrease number of Java threads
#   Decrease Java thread stack sizes (-Xss)
#   Set larger code cache with -XX:ReservedCodeCacheSize=
#   JVM is running with Zero Based Compressed Oops mode in which the Java heap is
#     placed in the first 32GB address space. The Java Heap base address is the
#     maximum limit for the native heap growth. Please use -XX:HeapBaseMinAddress
#     to set the Java Heap base and to place the Java Heap above 32GB virtual address.
# This output file may be truncated or incomplete.
#
#  Out of Memory Error (virtualSpaceNode.cpp:113), pid=2968, tid=5048
#
# JRE version: Java(TM) SE Runtime Environment (23.0+37) (build 23+37-2369)
# Java VM: Java HotSpot(TM) 64-Bit Server VM (23+37-2369, mixed mode, emulated-client, sharing, tiered, compressed oops, compressed class ptrs, g1 gc, windows-amd64)
# No core dump will be written. Minidumps are not enabled by default on client versions of Windows
#

---------------  S U M M A R Y ------------

Command Line: -XX:TieredStopAtLevel=1 -Dspring.output.ansi.enabled=always -Dcom.sun.management.jmxremote -Dspring.jmx.enabled=true -Dspring.liveBeansView.mbeanDomain -Dspring.application.admin.enabled=true -Dmanagement.endpoints.jmx.exposure.include=* -javaagent:D:\Intellij\IntelliJ IDEA 2025.2.4\lib\idea_rt.jar=64011 -Dfile.encoding=UTF-8 -Dsun.stdout.encoding=UTF-8 -Dsun.stderr.encoding=UTF-8 com.example.demo.DemoApplication

Host: Intel(R) Core(TM) i7-10510U CPU @ 1.80GHz, 8 cores, 15G,  Windows 11 , 64 bit Build 22621 (10.0.22621.5415)
Time: Tue Dec 16 11:11:29 2025 Morocco Daylight Time elapsed time: 9.976703 seconds (0d 0h 0m 9s)

---------------  T H R E A D  ---------------

Current thread (0x000002c096850d40):  JavaThread "RMI TCP Connection(idle)" daemon [_thread_in_vm, id=5048, stack(0x000000f627000000,0x000000f627100000) (1024K)]

Stack: [0x000000f627000000,0x000000f627100000]
Native frames: (J=compiled Java code, j=interpreted, Vv=VM code, C=native code)
V  [jvm.dll+0x6e08a9]  (no source info available)
V  [jvm.dll+0x87da63]  (no source info available)
V  [jvm.dll+0x87feee]  (no source info available)
V  [jvm.dll+0x8805c3]  (no source info available)
V  [jvm.dll+0x27aee6]  (no source info available)
V  [jvm.dll+0x87966e]  (no source info available)
V  [jvm.dll+0x682025]  (no source info available)
V  [jvm.dll+0x1e09dc]  (no source info available)
V  [jvm.dll+0x1e07ae]  (no source info available)
V  [jvm.dll+0x684978]  (no source info available)
V  [jvm.dll+0x2219dc]  (no source info available)
V  [jvm.dll+0x682a3e]  (no source info available)
V  [jvm.dll+0x213621]  (no source info available)
V  [jvm.dll+0x208137]  (no source info available)
V  [jvm.dll+0x5be6df]  (no source info available)
V  [jvm.dll+0x7f3bfd]  (no source info available)
V  [jvm.dll+0x476482]  (no source info available)
V  [jvm.dll+0x489c56]  (no source info available)
C  [java.dll+0x163f]  (no source info available)
C  0x000002c0458134a7  (no source info available)

The last pc belongs to native nmethod (printed below).
Java frames: (J=compiled Java code, j=interpreted, Vv=VM code)
J 1133  java.lang.ClassLoader.defineClass0(Ljava/lang/ClassLoader;Ljava/lang/Class;Ljava/lang/String;[BIILjava/security/ProtectionDomain;ZILjava/lang/Object;)Ljava/lang/Class; java.base@23 (0 bytes) @ 0x000002c04581340c [0x000002c045813320+0x00000000000000ec]
J 1722 c1 java.lang.System$2.defineClass(Ljava/lang/ClassLoader;Ljava/lang/Class;Ljava/lang/String;[BLjava/security/ProtectionDomain;ZILjava/lang/Object;)Ljava/lang/Class; java.base@23 (21 bytes) @ 0x000002c0458d331c [0x000002c0458d32a0+0x000000000000007c]
J 1721 c1 java.lang.invoke.MethodHandles$Lookup$ClassDefiner.defineClass(ZLjava/lang/Object;)Ljava/lang/Class; java.base@23 (213 bytes) @ 0x000002c0458d3c14 [0x000002c0458d3a00+0x0000000000000214]
j  java.lang.invoke.InvokerBytecodeGenerator.loadMethod([B)Ljava/lang/invoke/MemberName;+22 java.base@23
J 2591 c1 java.lang.invoke.LambdaForm.compileToBytecode()V java.base@23 (164 bytes) @ 0x000002c0459e059c [0x000002c0459e0400+0x000000000000019c]
J 525 c1 java.lang.invoke.LambdaForm.prepare()V java.base@23 (108 bytes) @ 0x000002c04564a8fc [0x000002c04564a880+0x000000000000007c]
J 524 c1 java.lang.invoke.MethodHandle.<init>(Ljava/lang/invoke/MethodType;Ljava/lang/invoke/LambdaForm;)V java.base@23 (37 bytes) @ 0x000002c04564a434 [0x000002c04564a360+0x00000000000000d4]
J 1054 c1 java.lang.invoke.BoundMethodHandle.<init>(Ljava/lang/invoke/MethodType;Ljava/lang/invoke/LambdaForm;)V java.base@23 (32 bytes) @ 0x000002c0457fb07c [0x000002c0457fb020+0x000000000000005c]
j  java.lang.invoke.BoundMethodHandle$Species_LLJ.<init>(Ljava/lang/invoke/MethodType;Ljava/lang/invoke/LambdaForm;Ljava/lang/Object;Ljava/lang/Object;J)V+3 java.base@23
j  java.lang.invoke.BoundMethodHandle$Species_LLJ.make(Ljava/lang/invoke/MethodType;Ljava/lang/invoke/LambdaForm;Ljava/lang/Object;Ljava/lang/Object;J)Ljava/lang/invoke/BoundMethodHandle;+10 java.base@23
j  java.lang.invoke.DirectMethodHandle$Holder.invokeStatic(Ljava/lang/Object;Ljava/lang/Object;Ljava/lang/Object;Ljava/lang/Object;Ljava/lang/Object;J)Ljava/lang/Object;+18 java.base@23
j  java.lang.invoke.BoundMethodHandle$Species_LL.copyWithExtendJ(Ljava/lang/invoke/MethodType;Ljava/lang/invoke/LambdaForm;J)Ljava/lang/invoke/BoundMethodHandle;+18 java.base@23
j  java.lang.invoke.LambdaFormEditor.bindArgumentJ(Ljava/lang/invoke/BoundMethodHandle;IJ)Ljava/lang/invoke/BoundMethodHandle;+55 java.base@23
j  java.lang.invoke.BoundMethodHandle.bindArgumentJ(IJ)Ljava/lang/invoke/BoundMethodHandle;+7 java.base@23
j  java.lang.invoke.MethodHandles.insertArgumentPrimitive(Ljava/lang/invoke/BoundMethodHandle;ILjava/lang/Class;Ljava/lang/Object;)Ljava/lang/invoke/BoundMethodHandle;+76 java.base@23
j  java.lang.invoke.MethodHandles.insertArguments(Ljava/lang/invoke/MethodHandle;I[Ljava/lang/Object;)Ljava/lang/invoke/MethodHandle;+62 java.base@23
j  java.lang.invoke.StringConcatFactory.foldInLastMixers(Ljava/lang/invoke/MethodHandle;JI[Ljava/lang/Class;I)Ljava/lang/invoke/MethodHandle;+153 java.base@23
j  java.lang.invoke.StringConcatFactory.filterAndFoldInMixers(Ljava/lang/invoke/MethodHandle;J[Ljava/lang/Class;)Ljava/lang/invoke/MethodHandle;+85 java.base@23
j  java.lang.invoke.StringConcatFactory.generateMHInlineCopy(Ljava/lang/invoke/MethodType;[Ljava/lang/String;)Ljava/lang/invoke/MethodHandle;+444 java.base@23
j  java.lang.invoke.StringConcatFactory.makeConcatWithConstants(Ljava/lang/invoke/MethodHandles$Lookup;Ljava/lang/String;Ljava/lang/invoke/MethodType;Ljava/lang/String;[Ljava/lang/Object;)Ljava/lang/invoke/CallSite;+237 java.base@23
j  java.lang.invoke.DirectMethodHandle$Holder.invokeStatic(Ljava/lang/Object;Ljava/lang/Object;Ljava/lang/Object;Ljava/lang/Object;Ljava/lang/Object;Ljava/lang/Object;)Ljava/lang/Object;+18 java.base@23
j  java.lang.invoke.DelegatingMethodHandle$Holder.delegate(Ljava/lang/Object;Ljava/lang/Object;Ljava/lang/Object;Ljava/lang/Object;Ljava/lang/Object;Ljava/lang/Object;)Ljava/lang/Object;+21 java.base@23
J 1827 c1 java.lang.invoke.BootstrapMethodInvoker.invoke(Ljava/lang/Class;Ljava/lang/invoke/MethodHandle;Ljava/lang/String;Ljava/lang/Object;Ljava/lang/Object;Ljava/lang/Class;)Ljava/lang/Object; java.base@23 (1030 bytes) @ 0x000002c0458f8f24 [0x000002c0458f7340+0x0000000000001be4]
J 1826 c1 java.lang.invoke.CallSite.makeSite(Ljava/lang/invoke/MethodHandle;Ljava/lang/String;Ljava/lang/invoke/MethodType;Ljava/lang/Object;Ljava/lang/Class;)Ljava/lang/invoke/CallSite; java.base@23 (95 bytes) @ 0x000002c0458f5414 [0x000002c0458f53c0+0x0000000000000054]
J 1825 c1 java.lang.invoke.MethodHandleNatives.linkCallSiteImpl(Ljava/lang/Class;Ljava/lang/invoke/MethodHandle;Ljava/lang/String;Ljava/lang/invoke/MethodType;Ljava/lang/Object;[Ljava/lang/Object;)Ljava/lang/invoke/MemberName; java.base@23 (119 bytes) @ 0x000002c0458f3cc4 [0x000002c0458f3c80+0x0000000000000044]
J 1824 c1 java.lang.invoke.MethodHandleNatives.linkCallSite(Ljava/lang/Object;Ljava/lang/Object;Ljava/lang/Object;Ljava/lang/Object;Ljava/lang/Object;[Ljava/lang/Object;)Ljava/lang/invoke/MemberName; java.base@23 (65 bytes) @ 0x000002c0458f33ec [0x000002c0458f32c0+0x000000000000012c]
v  ~StubRoutines::call_stub 0x000002c045400fcd
j  sun.rmi.transport.tcp.TCPTransport$ConnectionHandler.run()V+20 java.rmi@23
j  java.util.concurrent.ThreadPoolExecutor.runWorker(Ljava/util/concurrent/ThreadPoolExecutor$Worker;)V+92 java.base@23
j  java.util.concurrent.ThreadPoolExecutor$Worker.run()V+5 java.base@23
j  java.lang.Thread.runWith(Ljava/lang/Object;Ljava/lang/Runnable;)V+5 java.base@23
j  java.lang.Thread.run()V+19 java.base@23
v  ~StubRoutines::call_stub 0x000002c045400fcd
Lock stack of current Java thread (top to bottom):


Compiled method (n/a) 10393 1133     n 0       java.lang.ClassLoader::defineClass0 (native)
 total in heap  [0x000002c045813208,0x000002c0458137f0] = 1512
 relocation     [0x000002c0458132e0,0x000002c045813318] = 56
 main code      [0x000002c045813320,0x000002c0458137ea] = 1226
 stub code      [0x000002c0458137ea,0x000002c0458137f0] = 6

[Constant Pool (empty)]

[MachCode]
[Entry Point]
  # {method} {0x000002c051478540} 'defineClass0' '(Ljava/lang/ClassLoader;Ljava/lang/Class;Ljava/lang/String;[BIILjava/security/ProtectionDomain;ZILjava/lang/Object;)Ljava/lang/Class;' in 'java/lang/ClassLoader'
  # parm0:    rdx:rdx   = 'java/lang/ClassLoader'
  # parm1:    r8:r8     = 'java/lang/Class'
  # parm2:    r9:r9     = 'java/lang/String'
  # parm3:    rdi:rdi   = '[B'
  # parm4:    rsi       = int
  # parm5:    rcx       = int
  # parm6:    [sp+0xb0]   = 'java/security/ProtectionDomain'  (sp of caller)
  # parm7:    [sp+0xb8]   = boolean
  # parm8:    [sp+0xc0]   = int
  # parm9:    [sp+0xc8]   = 'java/lang/Object'
  0x000002c045813320: 6690 448b | 5208 443b 

  0x000002c045813328: ;   {runtime_call ic_miss_stub}
  0x000002c045813328: 5008 0f85 | b0b1 c3ff 
[Verified Entry Point]
  0x000002c045813330: 8984 2400 | 80ff ff55 | 488b ec48 | 81ec a000 | 0000 6690 | 4181 7f20 | 0100 0000 

  0x000002c04581334c: ;   {runtime_call StubRoutines (final stubs)}
  0x000002c04581334c: 7405 e8ed | 43c2 ff48 | 837d 2800 | 488d 4528 | 480f 4445 | 2848 8944 | 2458 4863 | 4520 4889 
  0x000002c04581336c: 4424 5048 | 6345 1848 | 8944 2448 | 4883 7d10 | 0048 8d45 | 1048 0f44 | 4510 4889 | 4424 4048 
  0x000002c04581338c: 894c 2438 | 4889 7424 | 3048 897c | 2478 4883 | ff00 488d | 4424 7848 | 0f44 4424 | 7848 8944 
  0x000002c0458133ac: 2428 4c89 | 4c24 7049 | 83f9 0048 | 8d44 2470 | 480f 4444 | 2470 4889 | 4424 204c | 8944 2468 
  0x000002c0458133cc: 4983 f800 | 4c8d 4c24 | 684c 0f44 | 4c24 6848 | 8954 2460 | 4883 fa00 | 4c8d 4424 | 604c 0f44 
  0x000002c0458133ec: ;   {oop(a 'java/lang/Class'{0x000000070434a9c0} = 'java/lang/ClassLoader')}
  0x000002c0458133ec: 4424 6049 | bec0 a934 | 0407 0000 | 004c 89b4 | 2490 0000 | 004c 8db4 | 2490 0000 | 0049 8bd6 
  0x000002c04581340c: ;   {internal_word}
  0x000002c04581340c: c5f8 7749 | ba0c 3481 | 45c0 0200 | 004d 8997 | a803 0000 | 4989 a7a0 

  0x000002c045813424: ;   {external_word}
  0x000002c045813424: 0300 0049 | ba41 ad58 | bcfc 7f00 | 0041 803a | 000f 844e | 0000 0052 | 4150 4151 

  0x000002c045813440: ;   {metadata({method} {0x000002c051478540} 'defineClass0' '(Ljava/lang/ClassLoader;Ljava/lang/Class;Ljava/lang/String;[BIILjava/security/ProtectionDomain;ZILjava/lang/Object;)Ljava/lang/Class;' in 'java/lang/ClassLoader')}
  0x000002c045813440: 48ba 3885 | 4751 c002 | 0000 498b | cf48 83ec | 2040 f6c4 | 0f0f 8419 | 0000 0048 

  0x000002c04581345c: ;   {runtime_call}
  0x000002c04581345c: 83ec 0848 | b800 ee08 | bcfc 7f00 | 00ff d048 | 83c4 08e9 | 0c00 0000 

  0x000002c045813474: ;   {runtime_call}
  0x000002c045813474: 48b8 00ee | 08bc fc7f | 0000 ffd0 | 4883 c420 | 4159 4158 | 5a49 8d8f | c003 0000 | 41c7 8744 
  0x000002c045813494: 0400 0004 

  0x000002c045813498: ;   {runtime_call}
  0x000002c045813498: 0000 0048 | b804 152a | dafc 7f00 | 00ff d0c5 | f877 41c7 | 8744 0400 | 0005 0000 | 00f0 8344 
  0x000002c0458134b8: 24c0 0049 | 3baf 4804 | 0000 0f87 | 0e00 0000 | 4183 bf40 | 0400 0000 | 0f84 2b00 | 0000 c5f8 
  0x000002c0458134d8: 7748 8945 | f849 8bcf | 4c8b e448 | 83ec 2048 

  0x000002c0458134e8: ;   {runtime_call}
  0x000002c0458134e8: 83e4 f048 | b890 a9d2 | bbfc 7f00 | 00ff d049 | 8be4 4d33 | e448 8b45 | f841 c787 | 4404 0000 
  0x000002c045813508: 0800 0000 | 4183 bfc8 | 0400 0002 | 0f84 a302 

  0x000002c045813518: ;   {external_word}
  0x000002c045813518: 0000 49ba | 41ad 58bc | fc7f 0000 | 4180 3a00 | 0f84 4c00 | 0000 4889 

  0x000002c045813530: ;   {metadata({method} {0x000002c051478540} 'defineClass0' '(Ljava/lang/ClassLoader;Ljava/lang/Class;Ljava/lang/String;[BIILjava/security/ProtectionDomain;ZILjava/lang/Object;)Ljava/lang/Class;' in 'java/lang/ClassLoader')}
  0x000002c045813530: 45f8 48ba | 3885 4751 | c002 0000 | 498b cf48 | 83ec 2040 | f6c4 0f0f | 8419 0000 | 0048 83ec 
  0x000002c045813550: ;   {runtime_call}
  0x000002c045813550: 0848 b800 | ee08 bcfc | 7f00 00ff | d048 83c4 | 08e9 0c00 

  0x000002c045813564: ;   {runtime_call}
  0x000002c045813564: 0000 48b8 | 00ee 08bc | fc7f 0000 | ffd0 4883 | c420 488b | 45f8 49c7 | 87a0 0300 | 0000 0000 
  0x000002c045813584: 0049 c787 | a803 0000 | 0000 0000 | c5f8 7748 | 85c0 0f84 | fe01 0000 | a803 0f85 | 0800 0000 
  0x000002c0458135a4: 488b 00e9 | ee01 0000 | a801 0f85 | 0900 0000 | 488b 40fe | e9dd 0100 | 0048 8b40 | ff41 807f 
  0x000002c0458135c4: 3800 0f84 | ce01 0000 | 4883 f800 | 0f84 c401 | 0000 498b | 4f28 4883 | f900 0f84 | 1400 0000 
  0x000002c0458135e4: 4883 e908 | 4989 4f28 | 4903 4f30 | 4889 01e9 | a201 0000 | 4881 ecd0 | 0000 0048 | 8904 2448 
  0x000002c045813604: 894c 2408 | 4889 5424 | 1048 8974 | 2418 4889 | 7c24 204c | 8944 2428 | 4c89 4c24 | 304c 8954 
  0x000002c045813624: 2438 4c89 | 5c24 40c5 | fb11 4424 | 50c5 fb11 | 4c24 58c5 | fb11 5424 | 60c5 fb11 | 5c24 68c5 
  0x000002c045813644: fb11 6424 | 70c5 fb11 | 6c24 78c5 | fb11 b424 | 8000 0000 | c5fb 11bc | 2488 0000 | 00c5 7b11 
  0x000002c045813664: ;   {no_reloc}
  0x000002c045813664: 8424 9000 | 0000 c57b | 118c 2498 | 0000 00c5 | 7b11 9424 | a000 0000 | c57b 119c | 24a8 0000 
  0x000002c045813684: 00c5 7b11 | a424 b000 | 0000 c57b | 11ac 24b8 | 0000 00c5 | 7b11 b424 | c000 0000 | c57b 11bc 
  0x000002c0458136a4: 24c8 0000 | 0049 8bd7 | 488b c848 | 83ec 2040 | f6c4 0f0f | 8419 0000 | 0048 83ec 

  0x000002c0458136c0: ;   {runtime_call}
  0x000002c0458136c0: 0848 b8e0 | 07c6 bbfc | 7f00 00ff | d048 83c4 | 08e9 0c00 

  0x000002c0458136d4: ;   {runtime_call}
  0x000002c0458136d4: 0000 48b8 | e007 c6bb | fc7f 0000 | ffd0 4883 | c420 c57b | 10bc 24c8 | 0000 00c5 | 7b10 b424 
  0x000002c0458136f4: c000 0000 | c57b 10ac | 24b8 0000 | 00c5 7b10 | a424 b000 | 0000 c57b | 109c 24a8 | 0000 00c5 
  0x000002c045813714: 7b10 9424 | a000 0000 | c57b 108c | 2498 0000 | 00c5 7b10 | 8424 9000 | 0000 c5fb | 10bc 2488 
  0x000002c045813734: 0000 00c5 | fb10 b424 | 8000 0000 | c5fb 106c | 2478 c5fb | 1064 2470 | c5fb 105c | 2468 c5fb 
  0x000002c045813754: 1054 2460 | c5fb 104c | 2458 c5fb | 1044 2450 | 4c8b 5c24 | 404c 8b54 | 2438 4c8b | 4c24 304c 
  0x000002c045813774: 8b44 2428 | 488b 7c24 | 2048 8b74 | 2418 488b | 5424 1048 | 8b4c 2408 | 488b 0424 | 4881 c4d0 
  0x000002c045813794: 0000 00c5 | f877 498b | 8f30 0400 | 00c7 8100 | 0100 0000 | 0000 00c9 | 4983 7f08 | 000f 8501 
  0x000002c0458137b4: 0000 00c3 

  0x000002c0458137b8: ;   {runtime_call StubRoutines (initial stubs)}
  0x000002c0458137b8: e903 d7be | ffc5 f877 | 4889 45f8 | 4c8b e448 | 83ec 2048 

  0x000002c0458137cc: ;   {runtime_call}
  0x000002c0458137cc: 83e4 f048 | b8b0 2209 | bcfc 7f00 | 00ff d049 | 8be4 4d33 | e448 8b45 | f8e9 30fd | ffff f4f4 
  0x000002c0458137ec: f4f4 f4f4 
[/MachCode]


Compiled method (c1) 10443 1722       1       java.lang.System$2::defineClass (21 bytes)
 total in heap  [0x000002c0458d3188,0x000002c0458d33c8] = 576
 relocation     [0x000002c0458d3260,0x000002c0458d3298] = 56
 main code      [0x000002c0458d32a0,0x000002c0458d3380] = 224
 stub code      [0x000002c0458d3380,0x000002c0458d33c0] = 64
 metadata       [0x000002c0458d33c0,0x000002c0458d33c8] = 8
 immutable data [0x000002c096226140,0x000002c0962261b8] = 120
 dependencies   [0x000002c096226140,0x000002c096226148] = 8
 nul chk table  [0x000002c096226148,0x000002c096226158] = 16
 scopes pcs     [0x000002c096226158,0x000002c096226198] = 64
 scopes data    [0x000002c096226198,0x000002c0962261b8] = 32

[Constant Pool (empty)]

[MachCode]
[Instructions begin]
  0x000002c0458d32a0: 6666 660f | 1f84 0000 | 0000 0066 | 6666 9066 | 6690 448b | 5208 443b 

  0x000002c0458d32b8: ;   {runtime_call ic_miss_stub}
  0x000002c0458d32b8: 5008 0f85 | 20b2 b7ff 
[Verified Entry Point]
  0x000002c0458d32c0: 8984 2400 | 80ff ff55 | 4883 ec60 | 4181 7f20 | 0100 0000 

  0x000002c0458d32d4: ;   {runtime_call StubRoutines (final stubs)}
  0x000002c0458d32d4: 7405 e865 | 44b6 ff48 | 8bd9 4c8b | ac24 8000 | 0000 448b | 5c24 788b | 4424 708b | 4e0c 498b 
  0x000002c0458d32f4: d04d 8bc1 | 4c8b cf48 | 8bfe be00 | 0000 0048 | 891c 2489 | 4424 0844 | 895c 2410 | 4c89 6c24 
  0x000002c0458d3314: ;   {static_call}
  0x000002c0458d3314: 1866 90e8 

  0x000002c0458d3318: ; ImmutableOopMap {}
                      ;*invokestatic defineClass0 {reexecute=0 rethrow=0 return_oop=0}
                      ; - java.lang.System$2::defineClass@17 (line 2476)
  0x000002c0458d3318: 1400 f4ff 

  0x000002c0458d331c: ;   {other}
  0x000002c0458d331c: 0f1f 8400 | 9401 0000 | 4883 c460 

  0x000002c0458d3328: ;   {poll_return}
  0x000002c0458d3328: 5d49 3ba7 | 4804 0000 | 0f87 0600 

  0x000002c0458d3334: ;   {runtime_call throw_null_pointer_exception Runtime1 stub}
  0x000002c0458d3334: 0000 c3e8 

  0x000002c0458d3338: ; ImmutableOopMap {r8=Oop r9=Oop rdi=Oop rsi=Oop rbx=Oop r13=Oop [128]=Oop }
                      ;*arraylength {reexecute=0 rethrow=0 return_oop=0}
                      ; - java.lang.System$2::defineClass@8 (line 2476)
  0x000002c0458d3338: a407 c3ff 

  0x000002c0458d333c: ;   {internal_word}
  0x000002c0458d333c: 49ba 2933 | 8d45 c002 | 0000 4d89 | 9760 0400 

  0x000002c0458d334c: ;   {runtime_call SafepointBlob}
  0x000002c0458d334c: 00e9 8e20 | b8ff 498b | 8700 0500 | 0049 c787 | 0005 0000 | 0000 0000 | 49c7 8708 | 0500 0000 
  0x000002c0458d336c: 0000 0048 | 83c4 605d 

  0x000002c0458d3374: ;   {runtime_call unwind_exception Runtime1 stub}
  0x000002c0458d3374: e967 f8c2 | fff4 f4f4 | f4f4 f4f4 
[Stub Code]
  0x000002c0458d3380: ;   {no_reloc}
  0x000002c0458d3380: 48bb 0000 | 0000 0000 

  0x000002c0458d3388: ;   {runtime_call nmethod}
  0x000002c0458d3388: 0000 e9fb 

  0x000002c0458d338c: ;   {runtime_call handle_exception_from_callee Runtime1 stub}
  0x000002c0458d338c: ffff ffe8 | 4c25 c3ff 

  0x000002c0458d3394: ;   {external_word}
  0x000002c0458d3394: 48b9 40d5 | 30bc fc7f | 0000 4883 

  0x000002c0458d33a0: ;   {runtime_call}
  0x000002c0458d33a0: e4f0 48b8 | 604a f7bb | fc7f 0000 

  0x000002c0458d33ac: ;   {section_word}
  0x000002c0458d33ac: ffd0 f449 | baaf 338d | 45c0 0200 

  0x000002c0458d33b8: ;   {runtime_call DeoptimizationBlob}
  0x000002c0458d33b8: 0041 52e9 | c012 b8ff 
[/MachCode]


Compiled method (c1) 10465 1721   !   1       java.lang.invoke.MethodHandles$Lookup$ClassDefiner::defineClass (213 bytes)
 total in heap  [0x000002c0458d3888,0x000002c0458d3f10] = 1672
 relocation     [0x000002c0458d3960,0x000002c0458d39f8] = 152
 main code      [0x000002c0458d3a00,0x000002c0458d3e18] = 1048
 stub code      [0x000002c0458d3e18,0x000002c0458d3e90] = 120
 metadata       [0x000002c0458d3e90,0x000002c0458d3f10] = 128
 immutable data [0x000002c09619ed90,0x000002c09619f048] = 696
 dependencies   [0x000002c09619ed90,0x000002c09619edb8] = 40
 nul chk table  [0x000002c09619edb8,0x000002c09619edf8] = 64
 handler table  [0x000002c09619edf8,0x000002c09619ee40] = 72
 scopes pcs     [0x000002c09619ee40,0x000002c09619ef40] = 256
 scopes data    [0x000002c09619ef40,0x000002c09619f048] = 264

[Constant Pool (empty)]

[MachCode]
[Instructions begin]
  0x000002c0458d3a00: 6666 660f | 1f84 0000 | 0000 0066 | 6666 9066 | 6690 448b | 5208 443b 

  0x000002c0458d3a18: ;   {runtime_call ic_miss_stub}
  0x000002c0458d3a18: 5008 0f85 | c0aa b7ff 
[Verified Entry Point]
  0x000002c0458d3a20: 8984 2400 | 80ff ff55 | 4881 ece0 | 0000 0090 | 4181 7f20 | 0100 0000 

  0x000002c0458d3a38: ;   {runtime_call StubRoutines (final stubs)}
  0x000002c0458d3a38: 7405 e801 | 3db6 ff48 | 8994 2498 | 0000 0044 | 8984 24b0 | 0000 004c | 898c 24b8 | 0000 008b 
  0x000002c0458d3a58: 7210 48c1 | e603 4889 | b424 9000 | 0000 8b7e | 1048 c1e7 | 0348 89bc | 24a8 0000 | 008b 5f34 
  0x000002c0458d3a78: 48c1 e303 | 4885 db0f | 850a 0000 

  0x000002c0458d3a84: ;   {oop(nullptr)}
  0x000002c0458d3a84: 0048 bb00 | 0000 0000 | 0000 0048 | 85db 0f84 | bc00 0000 | 8b46 1848 | c1e0 0348 | 85c0 4889 
  0x000002c0458d3aa4: 9c24 a000 | 0000 0f85 | b600 0000 

  0x000002c0458d3ab0: ;   {oop(a 'java/lang/Class'{0x00000007040b63b8} = 'jdk/internal/access/SharedSecrets')}
  0x000002c0458d3ab0: 48b8 b863 | 0b04 0700 | 0000 8b40 | 7c48 c1e0 | 038b 4e10 | 48c1 e103 | 4885 c00f | 842a 0000 
  0x000002c0458d3ad0: ;   {metadata('java/lang/System$2')}
  0x000002c0458d3ad0: 0048 be90 | ab17 51c0 | 0200 0044 | 8b70 0849 | ba00 0000 | 51c0 0200 | 004d 03f2 | 493b 7638 
  0x000002c0458d3af0: 0f85 6d02 | 0000 e900 | 0000 004c | 8bd8 483b | 0048 3b01 

  0x000002c0458d3b04: ;   {optimized virtual_call}
  0x000002c0458d3b04: 488b d1e8 

  0x000002c0458d3b08: ; ImmutableOopMap {[144]=Oop [152]=Oop [160]=Oop [168]=Oop [184]=Oop }
                      ;*invokevirtual protectionDomain {reexecute=0 rethrow=0 return_oop=0}
                      ; - java.lang.System$2::protectionDomain@1 (line 2607)
                      ; - java.lang.invoke.MethodHandles$Lookup::lookupClassProtectionDomain@17 (line 2531)
                      ; - java.lang.invoke.MethodHandles$Lookup$ClassDefiner::defineClass@23 (line 2488)
  0x000002c0458d3b08: 342b 1400 

  0x000002c0458d3b0c: ;   {other}
  0x000002c0458d3b0c: 0f1f 8400 | 8402 0000 | 450f be47 | 3845 85c0 | 488b b424 | 9000 0000 | 0f85 4802 | 0000 4c8b 
  0x000002c0458d3b2c: d049 c1ea | 0344 8956 | 18f0 8344 | 24c0 004c | 8bc6 4c33 | c049 c1e8 | 1549 83f8 | 000f 8543 
  0x000002c0458d3b4c: 0200 00e9 | 1200 0000 | 4889 9c24 | a000 0000 

  0x000002c0458d3b5c: ;   {oop(nullptr)}
  0x000002c0458d3b5c: 48b8 0000 | 0000 0000 | 0000 488b | 9c24 a000 | 0000 488b | bc24 a800 | 0000 488b | 9424 9800 
  0x000002c0458d3b7c: ;   {oop(a 'java/lang/Class'{0x00000007040b63b8} = 'jdk/internal/access/SharedSecrets')}
  0x000002c0458d3b7c: 0000 49b8 | b863 0b04 | 0700 0000 | 458b 707c | 49c1 e603 | 8b72 1448 | c1e6 038b | 4a18 48c1 
  0x000002c0458d3b9c: e103 448b | 4a0c 4d85 | f60f 842a 

  0x000002c0458d3ba8: ;   {metadata('java/lang/System$2')}
  0x000002c0458d3ba8: 0000 0049 | bb90 ab17 | 51c0 0200 | 0045 8b6e | 0849 ba00 | 0000 51c0 | 0200 004d | 03ea 4d3b 
  0x000002c0458d3bc8: 5d38 0f85 | da01 0000 | e900 0000 | 004d 8bc6 

  0x000002c0458d3bd8: ; implicit exception: dispatches to 0x000002c0458d3daf
  0x000002c0458d3bd8: 493b 064c | 8bc3 498b | d14c 8bcf | 488b fe48 | 8bf1 488b | c88b 8424 | b000 0000 | 8904 2489 
  0x000002c0458d3bf8: 5424 0848 | 8b94 24b8 | 0000 0048 | 8954 2410 | 498b d60f 

  0x000002c0458d3c0c: ;   {optimized virtual_call}
  0x000002c0458d3c0c: 1f40 00e8 

  0x000002c0458d3c10: ; ImmutableOopMap {[152]=Oop [168]=Oop }
                      ;*invokeinterface defineClass {reexecute=0 rethrow=0 return_oop=0}
                      ; - java.lang.invoke.MethodHandles$Lookup$ClassDefiner::defineClass@57 (line 2492)
  0x000002c0458d3c10: acf6 ffff 

  0x000002c0458d3c14: ;   {other}
  0x000002c0458d3c14: 0f1f 8400 | 8c03 0001 | 488b 9424 | 9800 0000 | 8b72 1c48 | c1e6 0344 | 0fbe 460c | 4183 e001 
  0x000002c0458d3c34: 4585 c00f | 84cf 0000 | 008b 7a14 | 48c1 e703 | 4885 c00f | 848d 0000 | 00e9 4100 | 0000 488b 
  0x000002c0458d3c54: 9424 9800 | 0000 498b | 8700 0500 | 004d 33d2 | 4d89 9700 | 0500 004d | 33d2 4d89 | 9708 0500 
  0x000002c0458d3c74: 008b 721c | 48c1 e603 

  0x000002c0458d3c7c: ; implicit exception: dispatches to 0x000002c0458d3db9
  0x000002c0458d3c7c: 440f be46 | 0c41 83e0 | 0145 85c0 | 0f84 c600 | 0000 e98f | 0000 008b | 5218 48c1 | e203 4c8b 
  0x000002c0458d3c9c: c74c 8bc8 | 488b fa48 | 8bd6 4889 | 8424 c000 

  0x000002c0458d3cac: ;   {optimized virtual_call}
  0x000002c0458d3cac: 0000 90e8 

  0x000002c0458d3cb0: ; ImmutableOopMap {[192]=Oop }
                      ;*invokevirtual dumpClass {reexecute=0 rethrow=0 return_oop=0}
                      ; - java.lang.invoke.MethodHandles$Lookup$ClassDefiner::defineClass@134 (line 2500)
  0x000002c0458d3cb0: 2cab b7ff 

  0x000002c0458d3cb4: ;   {other}
  0x000002c0458d3cb4: 0f1f 8400 | 2c04 0002 | 488b 8424 | c000 0000 | 4881 c4e0 | 0000 005d 

  0x000002c0458d3ccc: ;   {poll_return}
  0x000002c0458d3ccc: 493b a748 | 0400 000f | 87e5 0000 | 00c3 4889 | 8424 c000 | 0000 448b | 4a18 49c1 | e103 4c8b 
  0x000002c0458d3cec: c748 8bd6 | 0f1f 8000 

  0x000002c0458d3cf4: ;   {optimized virtual_call}
  0x000002c0458d3cf4: 0000 00e8 

  0x000002c0458d3cf8: ; ImmutableOopMap {[192]=Oop }
                      ;*invokevirtual dumpFailedClass {reexecute=0 rethrow=0 return_oop=0}
                      ; - java.lang.invoke.MethodHandles$Lookup$ClassDefiner::defineClass@150 (line 2502)
  0x000002c0458d3cf8: e4aa b7ff 

  0x000002c0458d3cfc: ;   {other}
  0x000002c0458d3cfc: 0f1f 8400 | 7404 0003 | 488b 8424 | c000 0000 | 4881 c4e0 | 0000 005d 

  0x000002c0458d3d14: ;   {poll_return}
  0x000002c0458d3d14: 493b a748 | 0400 000f | 87b3 0000 | 00c3 4889 | 8424 c800 | 0000 448b | 4214 49c1 | e003 448b 
  0x000002c0458d3d34: 4a18 49c1 | e103 488b 

  0x000002c0458d3d3c: ;   {optimized virtual_call}
  0x000002c0458d3d3c: d666 90e8 

  0x000002c0458d3d40: ; ImmutableOopMap {[200]=Oop }
                      ;*invokevirtual dumpFailedClass {reexecute=0 rethrow=0 return_oop=0}
                      ; - java.lang.invoke.MethodHandles$Lookup$ClassDefiner::defineClass@207 (line 2502)
  0x000002c0458d3d40: 9caa b7ff 

  0x000002c0458d3d44: ;   {other}
  0x000002c0458d3d44: 0f1f 8400 | bc04 0004 | 488b 8424 | c800 0000 | e9ae 0000 

  0x000002c0458d3d58: ;   {runtime_call throw_null_pointer_exception Runtime1 stub}
  0x000002c0458d3d58: 00e8 82fd 

  0x000002c0458d3d5c: ; ImmutableOopMap {rdx=Oop r9=Oop rsi=Oop [144]=Oop [152]=Oop [184]=Oop }
                      ;*invokevirtual lookupClass {reexecute=0 rethrow=0 return_oop=0}
                      ; - java.lang.invoke.MethodHandles$Lookup$ClassDefiner::defineClass@4 (line 2486)
                      ;   {runtime_call throw_null_pointer_exception Runtime1 stub}
  0x000002c0458d3d5c: c2ff e87d 

  0x000002c0458d3d60: ; ImmutableOopMap {rdx=Oop r9=Oop rsi=Oop rdi=Oop [144]=Oop [152]=Oop [168]=Oop [184]=Oop }
                      ;*invokevirtual getClassLoader {reexecute=0 rethrow=0 return_oop=0}
                      ; - java.lang.invoke.MethodHandles$Lookup$ClassDefiner::defineClass@9 (line 2487)
                      ;   {runtime_call throw_incompatible_class_change_error Runtime1 stub}
  0x000002c0458d3d60: fdc2 ffe8 

  0x000002c0458d3d64: ; ImmutableOopMap {rax=Oop rcx=Oop [144]=Oop [152]=Oop [160]=Oop [168]=Oop [184]=Oop }
                      ;*invokeinterface protectionDomain {reexecute=0 rethrow=0 return_oop=0}
                      ; - java.lang.invoke.MethodHandles$Lookup::lookupClassProtectionDomain@17 (line 2531)
                      ; - java.lang.invoke.MethodHandles$Lookup$ClassDefiner::defineClass@23 (line 2488)
  0x000002c0458d3d64: 7824 c3ff 

  0x000002c0458d3d68: ;   {runtime_call throw_null_pointer_exception Runtime1 stub}
  0x000002c0458d3d68: e873 fdc2 

  0x000002c0458d3d6c: ; ImmutableOopMap {rcx=Oop [144]=Oop [152]=Oop [160]=Oop [168]=Oop [184]=Oop }
                      ;*invokeinterface protectionDomain {reexecute=0 rethrow=0 return_oop=0}
                      ; - java.lang.invoke.MethodHandles$Lookup::lookupClassProtectionDomain@17 (line 2531)
                      ; - java.lang.invoke.MethodHandles$Lookup$ClassDefiner::defineClass@23 (line 2488)
                      ;   {runtime_call throw_null_pointer_exception Runtime1 stub}
  0x000002c0458d3d6c: ffe8 6efd 

  0x000002c0458d3d70: ; ImmutableOopMap {rcx=Oop [144]=Oop [152]=Oop [160]=Oop [168]=Oop [184]=Oop }
                      ;*invokevirtual protectionDomain {reexecute=0 rethrow=0 return_oop=0}
                      ; - java.lang.System$2::protectionDomain@1 (line 2607)
                      ; - java.lang.invoke.MethodHandles$Lookup::lookupClassProtectionDomain@17 (line 2531)
                      ; - java.lang.invoke.MethodHandles$Lookup$ClassDefiner::defineClass@23 (line 2488)
  0x000002c0458d3d70: c2ff 448b | 4618 49c1 | e003 4983 | f800 0f84 | a6fd ffff | 4c89 0424 

  0x000002c0458d3d88: ;   {runtime_call g1_pre_barrier_slow}
  0x000002c0458d3d88: e853 54c3 | ffe9 98fd | ffff 4883 | f800 0f84 | b3fd ffff | 4889 3424 

  0x000002c0458d3da0: ;   {runtime_call g1_post_barrier_slow}
  0x000002c0458d3da0: e83b 57c3 | ffe9 a5fd 

  0x000002c0458d3da8: ;   {runtime_call throw_incompatible_class_change_error Runtime1 stub}
  0x000002c0458d3da8: ffff e831 

  0x000002c0458d3dac: ; ImmutableOopMap {rax=Oop rdi=Oop rbx=Oop r14=Oop rsi=Oop rcx=Oop [152]=Oop [168]=Oop [184]=Oop }
                      ;*invokeinterface defineClass {reexecute=0 rethrow=0 return_oop=0}
                      ; - java.lang.invoke.MethodHandles$Lookup$ClassDefiner::defineClass@57 (line 2492)
                      ;   {runtime_call throw_null_pointer_exception Runtime1 stub}
  0x000002c0458d3dac: 24c3 ffe8 

  0x000002c0458d3db0: ; ImmutableOopMap {rax=Oop rdi=Oop rbx=Oop r14=Oop rsi=Oop rcx=Oop [152]=Oop [168]=Oop [184]=Oop }
                      ;*invokeinterface defineClass {reexecute=0 rethrow=0 return_oop=0}
                      ; - java.lang.invoke.MethodHandles$Lookup$ClassDefiner::defineClass@57 (line 2492)
  0x000002c0458d3db0: 2cfd c2ff 

  0x000002c0458d3db4: ;   {runtime_call throw_null_pointer_exception Runtime1 stub}
  0x000002c0458d3db4: e827 fdc2 

  0x000002c0458d3db8: ; ImmutableOopMap {rax=Oop rdx=Oop rsi=Oop [152]=Oop }
                      ;*invokevirtual isEnabled {reexecute=0 rethrow=0 return_oop=0}
                      ; - java.lang.invoke.MethodHandles$Lookup$ClassDefiner::defineClass@105 (line 2497)
                      ;   {runtime_call throw_null_pointer_exception Runtime1 stub}
  0x000002c0458d3db8: ffe8 22fd 

  0x000002c0458d3dbc: ; ImmutableOopMap {rdx=Oop rax=Oop rsi=Oop [152]=Oop }
                      ;*invokevirtual isEnabled {reexecute=0 rethrow=0 return_oop=0}
                      ; - java.lang.invoke.MethodHandles$Lookup$ClassDefiner::defineClass@162 (line 2497)
                      ;   {internal_word}
  0x000002c0458d3dbc: c2ff 49ba | cc3c 8d45 | c002 0000 | 4d89 9760 

  0x000002c0458d3dcc: ;   {runtime_call SafepointBlob}
  0x000002c0458d3dcc: 0400 00e9 | 0c16 b8ff 

  0x000002c0458d3dd4: ;   {internal_word}
  0x000002c0458d3dd4: 49ba 143d | 8d45 c002 | 0000 4d89 | 9760 0400 

  0x000002c0458d3de4: ;   {runtime_call SafepointBlob}
  0x000002c0458d3de4: 00e9 f615 | b8ff 498b | 8700 0500 | 0049 c787 | 0005 0000 | 0000 0000 | 49c7 8708 | 0500 0000 
  0x000002c0458d3e04: 0000 0048 | 81c4 e000 

  0x000002c0458d3e0c: ;   {runtime_call unwind_exception Runtime1 stub}
  0x000002c0458d3e0c: 0000 5de9 | cced c2ff | f4f4 f4f4 
[Stub Code]
  0x000002c0458d3e18: ;   {no_reloc}
  0x000002c0458d3e18: 0f1f 4400 

  0x000002c0458d3e1c: ;   {static_stub}
  0x000002c0458d3e1c: 0048 bb00 | 0000 0000 

  0x000002c0458d3e24: ;   {runtime_call nmethod}
  0x000002c0458d3e24: 0000 00e9 | fbff ffff 

  0x000002c0458d3e2c: ;   {static_stub}
  0x000002c0458d3e2c: 48bb 686e | 4951 c002 

  0x000002c0458d3e34: ;   {runtime_call I2C/C2I adapters}
  0x000002c0458d3e34: 0000 e977 

  0x000002c0458d3e38: ;   {static_stub}
  0x000002c0458d3e38: f3b7 ff48 | bb00 0000 | 0000 0000 

  0x000002c0458d3e44: ;   {runtime_call nmethod}
  0x000002c0458d3e44: 00e9 fbff 

  0x000002c0458d3e48: ;   {static_stub}
  0x000002c0458d3e48: ffff 48bb | 0000 0000 | 0000 0000 

  0x000002c0458d3e54: ;   {runtime_call nmethod}
  0x000002c0458d3e54: e9fb ffff 

  0x000002c0458d3e58: ;   {runtime_call handle_exception_from_callee Runtime1 stub}
  0x000002c0458d3e58: ffe8 821a 

  0x000002c0458d3e5c: ;   {external_word}
  0x000002c0458d3e5c: c3ff 48b9 | 40d5 30bc | fc7f 0000 | 4883 e4f0 

  0x000002c0458d3e6c: ;   {runtime_call}
  0x000002c0458d3e6c: 48b8 604a | f7bb fc7f | 0000 ffd0 

  0x000002c0458d3e78: ;   {section_word}
  0x000002c0458d3e78: f449 ba79 | 3e8d 45c0 | 0200 0041 

  0x000002c0458d3e84: ;   {runtime_call DeoptimizationBlob}
  0x000002c0458d3e84: 52e9 f607 | b8ff f4f4 | f4f4 f4f4 
[/MachCode]


---------------  P R O C E S S  ---------------

Threads class SMR info:
_java_thread_list=0x000002c096772160, length=18, elements={
0x000002c03cce2430, 0x000002c050080300, 0x000002c050081bf0, 0x000002c0500846f0,
0x000002c0500883d0, 0x000002c050088fe0, 0x000002c050089a40, 0x000002c05008a4a0,
0x000002c0500e8410, 0x000002c0501d1f50, 0x000002c050652120, 0x000002c050657e70,
0x000002c0507e99f0, 0x000002c0507ea0b0, 0x000002c050979a10, 0x000002c09633c140,
0x000002c096796840, 0x000002c096850d40
}

Java Threads: ( => current thread )
  0x000002c03cce2430 JavaThread "main"                              [_thread_in_vm, id=8660, stack(0x000000f625100000,0x000000f625200000) (1024K)]
  0x000002c050080300 JavaThread "Reference Handler"          daemon [_thread_blocked, id=18556, stack(0x000000f625900000,0x000000f625a00000) (1024K)]
  0x000002c050081bf0 JavaThread "Finalizer"                  daemon [_thread_blocked, id=13412, stack(0x000000f625a00000,0x000000f625b00000) (1024K)]
  0x000002c0500846f0 JavaThread "Signal Dispatcher"          daemon [_thread_blocked, id=18304, stack(0x000000f625b00000,0x000000f625c00000) (1024K)]
  0x000002c0500883d0 JavaThread "Attach Listener"            daemon [_thread_blocked, id=13344, stack(0x000000f625c00000,0x000000f625d00000) (1024K)]
  0x000002c050088fe0 JavaThread "Service Thread"             daemon [_thread_blocked, id=19552, stack(0x000000f625d00000,0x000000f625e00000) (1024K)]
  0x000002c050089a40 JavaThread "Monitor Deflation Thread"   daemon [_thread_blocked, id=24800, stack(0x000000f625e00000,0x000000f625f00000) (1024K)]
  0x000002c05008a4a0 JavaThread "C1 CompilerThread0"         daemon [_thread_blocked, id=24536, stack(0x000000f625f00000,0x000000f626000000) (1024K)]
  0x000002c0500e8410 JavaThread "C1 CompilerThread1"         daemon [_thread_blocked, id=4152, stack(0x000000f626000000,0x000000f626100000) (1024K)]
  0x000002c0501d1f50 JavaThread "Common-Cleaner"             daemon [_thread_blocked, id=26988, stack(0x000000f626100000,0x000000f626200000) (1024K)]
  0x000002c050652120 JavaThread "Monitor Ctrl-Break"         daemon [_thread_in_native, id=23796, stack(0x000000f626200000,0x000000f626300000) (1024K)]
  0x000002c050657e70 JavaThread "Notification Thread"        daemon [_thread_blocked, id=24000, stack(0x000000f626300000,0x000000f626400000) (1024K)]
  0x000002c0507e99f0 JavaThread "C1 CompilerThread2"         daemon [_thread_blocked, id=12212, stack(0x000000f626400000,0x000000f626500000) (1024K)]
  0x000002c0507ea0b0 JavaThread "C1 CompilerThread3"         daemon [_thread_blocked, id=15136, stack(0x000000f626500000,0x000000f626600000) (1024K)]
  0x000002c050979a10 JavaThread "RMI TCP Accept-0"           daemon [_thread_in_native, id=808, stack(0x000000f626600000,0x000000f626700000) (1024K)]
  0x000002c09633c140 JavaThread "background-preinit"                [_thread_in_vm, id=16912, stack(0x000000f626e00000,0x000000f626f00000) (1024K)]
  0x000002c096796840 JavaThread "Thread-0"                          [_thread_in_vm, id=16236, stack(0x000000f626f00000,0x000000f627000000) (1024K)]
=>0x000002c096850d40 JavaThread "RMI TCP Connection(idle)"   daemon [_thread_in_vm, id=5048, stack(0x000000f627000000,0x000000f627100000) (1024K)]
Total: 18

Other Threads:
  0x000002c050066e60 VMThread "VM Thread"                           [id=9396, stack(0x000000f625800000,0x000000f625900000) (1024K)]
  0x000002c050057090 WatcherThread "VM Periodic Task Thread"        [id=10736, stack(0x000000f625700000,0x000000f625800000) (1024K)]
  0x000002c03cd499b0 WorkerThread "GC Thread#0"                     [id=16052, stack(0x000000f625200000,0x000000f625300000) (1024K)]
  0x000002c050a4b7a0 WorkerThread "GC Thread#1"                     [id=10940, stack(0x000000f626700000,0x000000f626800000) (1024K)]
  0x000002c050a48a40 WorkerThread "GC Thread#2"                     [id=13520, stack(0x000000f626800000,0x000000f626900000) (1024K)]
  0x000002c050a5d7c0 WorkerThread "GC Thread#3"                     [id=21984, stack(0x000000f626900000,0x000000f626a00000) (1024K)]
  0x000002c050a5df80 WorkerThread "GC Thread#4"                     [id=8860, stack(0x000000f626a00000,0x000000f626b00000) (1024K)]
  0x000002c050a7caa0 WorkerThread "GC Thread#5"                     [id=19824, stack(0x000000f626b00000,0x000000f626c00000) (1024K)]
  0x000002c050aa8f70 WorkerThread "GC Thread#6"                     [id=9804, stack(0x000000f626c00000,0x000000f626d00000) (1024K)]
  0x000002c09635c4d0 WorkerThread "GC Thread#7"                     [id=12532, stack(0x000000f626d00000,0x000000f626e00000) (1024K)]
  0x000002c03cd5e510 ConcurrentGCThread "G1 Main Marker"            [id=20100, stack(0x000000f625300000,0x000000f625400000) (1024K)]
  0x000002c03cd5f020 WorkerThread "G1 Conc#0"                       [id=15244, stack(0x000000f625400000,0x000000f625500000) (1024K)]
  0x000002c04ff19e60 ConcurrentGCThread "G1 Refine#0"               [id=15444, stack(0x000000f625500000,0x000000f625600000) (1024K)]
  0x000002c04ff1a8f0 ConcurrentGCThread "G1 Service"                [id=7512, stack(0x000000f625600000,0x000000f625700000) (1024K)]
Total: 14

Threads with active compile tasks:
Total: 0

VM state: not at safepoint (normal execution)

VM Mutex/Monitor currently owned by a thread:  ([mutex/lock_event])
[0x00007ffcbc5b1890] Metaspace_lock - owner thread: 0x000002c096850d40

Heap address: 0x0000000703e00000, size: 4034 MB, Compressed Oops mode: Zero based, Oop shift amount: 3

CDS archive(s) mapped at: [0x000002c051000000-0x000002c051d70000-0x000002c051d70000), size 14090240, SharedBaseAddress: 0x000002c051000000, ArchiveRelocationMode: 1.
Compressed class space mapped at: 0x000002c052000000-0x000002c092000000, reserved size: 1073741824
Narrow klass base: 0x000002c051000000, Narrow klass shift: 0, Narrow klass range: 0x41000000

GC Precious Log:
 CardTable entry size: 512
 Card Set container configuration: InlinePtr #cards 4 size 8 Array Of Cards #cards 16 size 48 Howl #buckets 8 coarsen threshold 3686 Howl Bitmap #cards 512 size 80 coarsen threshold 460 Card regions per heap region 1 cards per card region 4096
 CPUs: 8 total, 8 available
 Memory: 16134M
 Large Page Support: Disabled
 NUMA Support: Disabled
 Compressed Oops: Enabled (Zero based)
 Heap Region Size: 2M
 Heap Min Capacity: 8M
 Heap Initial Capacity: 254M
 Heap Max Capacity: 4034M
 Pre-touch: Disabled
 Parallel Workers: 8
 Concurrent Workers: 2
 Concurrent Refinement Workers: 8
 Periodic GC: Disabled

Heap:
 garbage-first heap   total reserved 4130816K, committed 260096K, used 45322K [0x0000000703e00000, 0x0000000800000000)
  region size 2048K, 19 young (38912K), 1 survivors (2048K)
 Metaspace       used 19323K, committed 19584K, reserved 1114112K
  class space    used 2603K, committed 2752K, reserved 1048576K

Heap Regions: E=young(eden), S=young(survivor), O=old, HS=humongous(starts), HC=humongous(continues), CS=collection set, F=free, TAMS=top-at-mark-start, PB=parsable bottom
|   0|0x0000000703e00000, 0x0000000704000000, 0x0000000704000000|100%| O|  |TAMS 0x0000000703e00000| PB 0x0000000703e00000| Untracked |  0
|   1|0x0000000704000000, 0x0000000704200000, 0x0000000704200000|100%| O|  |TAMS 0x0000000704000000| PB 0x0000000704000000| Untracked |  0
|   2|0x0000000704200000, 0x0000000704400000, 0x0000000704400000|100%| O|  |TAMS 0x0000000704200000| PB 0x0000000704200000| Untracked |  0
|   3|0x0000000704400000, 0x0000000704600000, 0x0000000704600000|100%| O|  |TAMS 0x0000000704400000| PB 0x0000000704400000| Untracked |  0
|   4|0x0000000704600000, 0x000000070468ddf0, 0x0000000704800000| 27%| O|  |TAMS 0x0000000704600000| PB 0x0000000704600000| Untracked |  0
|   5|0x0000000704800000, 0x0000000704800000, 0x0000000704a00000|  0%| F|  |TAMS 0x0000000704800000| PB 0x0000000704800000| Untracked |  0
|   6|0x0000000704a00000, 0x0000000704a00000, 0x0000000704c00000|  0%| F|  |TAMS 0x0000000704a00000| PB 0x0000000704a00000| Untracked |  0
|   7|0x0000000704c00000, 0x0000000704c00000, 0x0000000704e00000|  0%| F|  |TAMS 0x0000000704c00000| PB 0x0000000704c00000| Untracked |  0
|   8|0x0000000704e00000, 0x0000000704e00000, 0x0000000705000000|  0%| F|  |TAMS 0x0000000704e00000| PB 0x0000000704e00000| Untracked |  0
|   9|0x0000000705000000, 0x0000000705000000, 0x0000000705200000|  0%| F|  |TAMS 0x0000000705000000| PB 0x0000000705000000| Untracked |  0
|  10|0x0000000705200000, 0x0000000705200000, 0x0000000705400000|  0%| F|  |TAMS 0x0000000705200000| PB 0x0000000705200000| Untracked |  0
|  11|0x0000000705400000, 0x0000000705400000, 0x0000000705600000|  0%| F|  |TAMS 0x0000000705400000| PB 0x0000000705400000| Untracked |  0
|  12|0x0000000705600000, 0x0000000705600000, 0x0000000705800000|  0%| F|  |TAMS 0x0000000705600000| PB 0x0000000705600000| Untracked |  0
|  13|0x0000000705800000, 0x0000000705800000, 0x0000000705a00000|  0%| F|  |TAMS 0x0000000705800000| PB 0x0000000705800000| Untracked |  0
|  14|0x0000000705a00000, 0x0000000705a00000, 0x0000000705c00000|  0%| F|  |TAMS 0x0000000705a00000| PB 0x0000000705a00000| Untracked |  0
|  15|0x0000000705c00000, 0x0000000705c00000, 0x0000000705e00000|  0%| F|  |TAMS 0x0000000705c00000| PB 0x0000000705c00000| Untracked |  0
|  16|0x0000000705e00000, 0x0000000705e00000, 0x0000000706000000|  0%| F|  |TAMS 0x0000000705e00000| PB 0x0000000705e00000| Untracked |  0
|  17|0x0000000706000000, 0x0000000706000000, 0x0000000706200000|  0%| F|  |TAMS 0x0000000706000000| PB 0x0000000706000000| Untracked |  0
|  18|0x0000000706200000, 0x0000000706200000, 0x0000000706400000|  0%| F|  |TAMS 0x0000000706200000| PB 0x0000000706200000| Untracked |  0
|  19|0x0000000706400000, 0x0000000706400000, 0x0000000706600000|  0%| F|  |TAMS 0x0000000706400000| PB 0x0000000706400000| Untracked |  0
|  20|0x0000000706600000, 0x0000000706600000, 0x0000000706800000|  0%| F|  |TAMS 0x0000000706600000| PB 0x0000000706600000| Untracked |  0
|  21|0x0000000706800000, 0x0000000706800000, 0x0000000706a00000|  0%| F|  |TAMS 0x0000000706800000| PB 0x0000000706800000| Untracked |  0
|  22|0x0000000706a00000, 0x0000000706a00000, 0x0000000706c00000|  0%| F|  |TAMS 0x0000000706a00000| PB 0x0000000706a00000| Untracked |  0
|  23|0x0000000706c00000, 0x0000000706c00000, 0x0000000706e00000|  0%| F|  |TAMS 0x0000000706c00000| PB 0x0000000706c00000| Untracked |  0
|  24|0x0000000706e00000, 0x0000000706e00000, 0x0000000707000000|  0%| F|  |TAMS 0x0000000706e00000| PB 0x0000000706e00000| Untracked |  0
|  25|0x0000000707000000, 0x0000000707000000, 0x0000000707200000|  0%| F|  |TAMS 0x0000000707000000| PB 0x0000000707000000| Untracked |  0
|  26|0x0000000707200000, 0x0000000707200000, 0x0000000707400000|  0%| F|  |TAMS 0x0000000707200000| PB 0x0000000707200000| Untracked |  0
|  27|0x0000000707400000, 0x0000000707400000, 0x0000000707600000|  0%| F|  |TAMS 0x0000000707400000| PB 0x0000000707400000| Untracked |  0
|  28|0x0000000707600000, 0x0000000707600000, 0x0000000707800000|  0%| F|  |TAMS 0x0000000707600000| PB 0x0000000707600000| Untracked |  0
|  29|0x0000000707800000, 0x0000000707800000, 0x0000000707a00000|  0%| F|  |TAMS 0x0000000707800000| PB 0x0000000707800000| Untracked |  0
|  30|0x0000000707a00000, 0x0000000707a00000, 0x0000000707c00000|  0%| F|  |TAMS 0x0000000707a00000| PB 0x0000000707a00000| Untracked |  0
|  31|0x0000000707c00000, 0x0000000707c00000, 0x0000000707e00000|  0%| F|  |TAMS 0x0000000707c00000| PB 0x0000000707c00000| Untracked |  0
|  32|0x0000000707e00000, 0x0000000707e00000, 0x0000000708000000|  0%| F|  |TAMS 0x0000000707e00000| PB 0x0000000707e00000| Untracked |  0
|  33|0x0000000708000000, 0x0000000708000000, 0x0000000708200000|  0%| F|  |TAMS 0x0000000708000000| PB 0x0000000708000000| Untracked |  0
|  34|0x0000000708200000, 0x0000000708200000, 0x0000000708400000|  0%| F|  |TAMS 0x0000000708200000| PB 0x0000000708200000| Untracked |  0
|  35|0x0000000708400000, 0x0000000708400000, 0x0000000708600000|  0%| F|  |TAMS 0x0000000708400000| PB 0x0000000708400000| Untracked |  0
|  36|0x0000000708600000, 0x0000000708600000, 0x0000000708800000|  0%| F|  |TAMS 0x0000000708600000| PB 0x0000000708600000| Untracked |  0
|  37|0x0000000708800000, 0x0000000708800000, 0x0000000708a00000|  0%| F|  |TAMS 0x0000000708800000| PB 0x0000000708800000| Untracked |  0
|  38|0x0000000708a00000, 0x0000000708a00000, 0x0000000708c00000|  0%| F|  |TAMS 0x0000000708a00000| PB 0x0000000708a00000| Untracked |  0
|  39|0x0000000708c00000, 0x0000000708c00000, 0x0000000708e00000|  0%| F|  |TAMS 0x0000000708c00000| PB 0x0000000708c00000| Untracked |  0
|  40|0x0000000708e00000, 0x0000000708e00000, 0x0000000709000000|  0%| F|  |TAMS 0x0000000708e00000| PB 0x0000000708e00000| Untracked |  0
|  41|0x0000000709000000, 0x0000000709000000, 0x0000000709200000|  0%| F|  |TAMS 0x0000000709000000| PB 0x0000000709000000| Untracked |  0
|  42|0x0000000709200000, 0x0000000709200000, 0x0000000709400000|  0%| F|  |TAMS 0x0000000709200000| PB 0x0000000709200000| Untracked |  0
|  43|0x0000000709400000, 0x0000000709400000, 0x0000000709600000|  0%| F|  |TAMS 0x0000000709400000| PB 0x0000000709400000| Untracked |  0
|  44|0x0000000709600000, 0x0000000709600000, 0x0000000709800000|  0%| F|  |TAMS 0x0000000709600000| PB 0x0000000709600000| Untracked |  0
|  45|0x0000000709800000, 0x0000000709800000, 0x0000000709a00000|  0%| F|  |TAMS 0x0000000709800000| PB 0x0000000709800000| Untracked |  0
|  46|0x0000000709a00000, 0x0000000709a00000, 0x0000000709c00000|  0%| F|  |TAMS 0x0000000709a00000| PB 0x0000000709a00000| Untracked |  0
|  47|0x0000000709c00000, 0x0000000709c00000, 0x0000000709e00000|  0%| F|  |TAMS 0x0000000709c00000| PB 0x0000000709c00000| Untracked |  0
|  48|0x0000000709e00000, 0x0000000709e00000, 0x000000070a000000|  0%| F|  |TAMS 0x0000000709e00000| PB 0x0000000709e00000| Untracked |  0
|  49|0x000000070a000000, 0x000000070a000000, 0x000000070a200000|  0%| F|  |TAMS 0x000000070a000000| PB 0x000000070a000000| Untracked |  0
|  50|0x000000070a200000, 0x000000070a200000, 0x000000070a400000|  0%| F|  |TAMS 0x000000070a200000| PB 0x000000070a200000| Untracked |  0
|  51|0x000000070a400000, 0x000000070a400000, 0x000000070a600000|  0%| F|  |TAMS 0x000000070a400000| PB 0x000000070a400000| Untracked |  0
|  52|0x000000070a600000, 0x000000070a600000, 0x000000070a800000|  0%| F|  |TAMS 0x000000070a600000| PB 0x000000070a600000| Untracked |  0
|  53|0x000000070a800000, 0x000000070a800000, 0x000000070aa00000|  0%| F|  |TAMS 0x000000070a800000| PB 0x000000070a800000| Untracked |  0
|  54|0x000000070aa00000, 0x000000070aa00000, 0x000000070ac00000|  0%| F|  |TAMS 0x000000070aa00000| PB 0x000000070aa00000| Untracked |  0
|  55|0x000000070ac00000, 0x000000070ac00000, 0x000000070ae00000|  0%| F|  |TAMS 0x000000070ac00000| PB 0x000000070ac00000| Untracked |  0
|  56|0x000000070ae00000, 0x000000070ae00000, 0x000000070b000000|  0%| F|  |TAMS 0x000000070ae00000| PB 0x000000070ae00000| Untracked |  0
|  57|0x000000070b000000, 0x000000070b000000, 0x000000070b200000|  0%| F|  |TAMS 0x000000070b000000| PB 0x000000070b000000| Untracked |  0
|  58|0x000000070b200000, 0x000000070b200000, 0x000000070b400000|  0%| F|  |TAMS 0x000000070b200000| PB 0x000000070b200000| Untracked |  0
|  59|0x000000070b400000, 0x000000070b400000, 0x000000070b600000|  0%| F|  |TAMS 0x000000070b400000| PB 0x000000070b400000| Untracked |  0
|  60|0x000000070b600000, 0x000000070b600000, 0x000000070b800000|  0%| F|  |TAMS 0x000000070b600000| PB 0x000000070b600000| Untracked |  0
|  61|0x000000070b800000, 0x000000070b800000, 0x000000070ba00000|  0%| F|  |TAMS 0x000000070b800000| PB 0x000000070b800000| Untracked |  0
|  62|0x000000070ba00000, 0x000000070ba00000, 0x000000070bc00000|  0%| F|  |TAMS 0x000000070ba00000| PB 0x000000070ba00000| Untracked |  0
|  63|0x000000070bc00000, 0x000000070bc00000, 0x000000070be00000|  0%| F|  |TAMS 0x000000070bc00000| PB 0x000000070bc00000| Untracked |  0
|  64|0x000000070be00000, 0x000000070be00000, 0x000000070c000000|  0%| F|  |TAMS 0x000000070be00000| PB 0x000000070be00000| Untracked |  0
|  65|0x000000070c000000, 0x000000070c000000, 0x000000070c200000|  0%| F|  |TAMS 0x000000070c000000| PB 0x000000070c000000| Untracked |  0
|  66|0x000000070c200000, 0x000000070c200000, 0x000000070c400000|  0%| F|  |TAMS 0x000000070c200000| PB 0x000000070c200000| Untracked |  0
|  67|0x000000070c400000, 0x000000070c400000, 0x000000070c600000|  0%| F|  |TAMS 0x000000070c400000| PB 0x000000070c400000| Untracked |  0
|  68|0x000000070c600000, 0x000000070c600000, 0x000000070c800000|  0%| F|  |TAMS 0x000000070c600000| PB 0x000000070c600000| Untracked |  0
|  69|0x000000070c800000, 0x000000070c800000, 0x000000070ca00000|  0%| F|  |TAMS 0x000000070c800000| PB 0x000000070c800000| Untracked |  0
|  70|0x000000070ca00000, 0x000000070ca00000, 0x000000070cc00000|  0%| F|  |TAMS 0x000000070ca00000| PB 0x000000070ca00000| Untracked |  0
|  71|0x000000070cc00000, 0x000000070cc00000, 0x000000070ce00000|  0%| F|  |TAMS 0x000000070cc00000| PB 0x000000070cc00000| Untracked |  0
|  72|0x000000070ce00000, 0x000000070ce00000, 0x000000070d000000|  0%| F|  |TAMS 0x000000070ce00000| PB 0x000000070ce00000| Untracked |  0
|  73|0x000000070d000000, 0x000000070d000000, 0x000000070d200000|  0%| F|  |TAMS 0x000000070d000000| PB 0x000000070d000000| Untracked |  0
|  74|0x000000070d200000, 0x000000070d200000, 0x000000070d400000|  0%| F|  |TAMS 0x000000070d200000| PB 0x000000070d200000| Untracked |  0
|  75|0x000000070d400000, 0x000000070d400000, 0x000000070d600000|  0%| F|  |TAMS 0x000000070d400000| PB 0x000000070d400000| Untracked |  0
|  76|0x000000070d600000, 0x000000070d600000, 0x000000070d800000|  0%| F|  |TAMS 0x000000070d600000| PB 0x000000070d600000| Untracked |  0
|  77|0x000000070d800000, 0x000000070d800000, 0x000000070da00000|  0%| F|  |TAMS 0x000000070d800000| PB 0x000000070d800000| Untracked |  0
|  78|0x000000070da00000, 0x000000070da00000, 0x000000070dc00000|  0%| F|  |TAMS 0x000000070da00000| PB 0x000000070da00000| Untracked |  0
|  79|0x000000070dc00000, 0x000000070dc00000, 0x000000070de00000|  0%| F|  |TAMS 0x000000070dc00000| PB 0x000000070dc00000| Untracked |  0
|  80|0x000000070de00000, 0x000000070de00000, 0x000000070e000000|  0%| F|  |TAMS 0x000000070de00000| PB 0x000000070de00000| Untracked |  0
|  81|0x000000070e000000, 0x000000070e000000, 0x000000070e200000|  0%| F|  |TAMS 0x000000070e000000| PB 0x000000070e000000| Untracked |  0
|  82|0x000000070e200000, 0x000000070e200000, 0x000000070e400000|  0%| F|  |TAMS 0x000000070e200000| PB 0x000000070e200000| Untracked |  0
|  83|0x000000070e400000, 0x000000070e400000, 0x000000070e600000|  0%| F|  |TAMS 0x000000070e400000| PB 0x000000070e400000| Untracked |  0
|  84|0x000000070e600000, 0x000000070e600000, 0x000000070e800000|  0%| F|  |TAMS 0x000000070e600000| PB 0x000000070e600000| Untracked |  0
|  85|0x000000070e800000, 0x000000070e800000, 0x000000070ea00000|  0%| F|  |TAMS 0x000000070e800000| PB 0x000000070e800000| Untracked |  0
|  86|0x000000070ea00000, 0x000000070ea00000, 0x000000070ec00000|  0%| F|  |TAMS 0x000000070ea00000| PB 0x000000070ea00000| Untracked |  0
|  87|0x000000070ec00000, 0x000000070ec00000, 0x000000070ee00000|  0%| F|  |TAMS 0x000000070ec00000| PB 0x000000070ec00000| Untracked |  0
|  88|0x000000070ee00000, 0x000000070ee00000, 0x000000070f000000|  0%| F|  |TAMS 0x000000070ee00000| PB 0x000000070ee00000| Untracked |  0
|  89|0x000000070f000000, 0x000000070f000000, 0x000000070f200000|  0%| F|  |TAMS 0x000000070f000000| PB 0x000000070f000000| Untracked |  0
|  90|0x000000070f200000, 0x000000070f200000, 0x000000070f400000|  0%| F|  |TAMS 0x000000070f200000| PB 0x000000070f200000| Untracked |  0
|  91|0x000000070f400000, 0x000000070f400000, 0x000000070f600000|  0%| F|  |TAMS 0x000000070f400000| PB 0x000000070f400000| Untracked |  0
|  92|0x000000070f600000, 0x000000070f600000, 0x000000070f800000|  0%| F|  |TAMS 0x000000070f600000| PB 0x000000070f600000| Untracked |  0
|  93|0x000000070f800000, 0x000000070f800000, 0x000000070fa00000|  0%| F|  |TAMS 0x000000070f800000| PB 0x000000070f800000| Untracked |  0
|  94|0x000000070fa00000, 0x000000070fa00000, 0x000000070fc00000|  0%| F|  |TAMS 0x000000070fa00000| PB 0x000000070fa00000| Untracked |  0
|  95|0x000000070fc00000, 0x000000070fc00000, 0x000000070fe00000|  0%| F|  |TAMS 0x000000070fc00000| PB 0x000000070fc00000| Untracked |  0
|  96|0x000000070fe00000, 0x000000070fe00000, 0x0000000710000000|  0%| F|  |TAMS 0x000000070fe00000| PB 0x000000070fe00000| Untracked |  0
|  97|0x0000000710000000, 0x0000000710000000, 0x0000000710200000|  0%| F|  |TAMS 0x0000000710000000| PB 0x0000000710000000| Untracked |  0
|  98|0x0000000710200000, 0x0000000710200000, 0x0000000710400000|  0%| F|  |TAMS 0x0000000710200000| PB 0x0000000710200000| Untracked |  0
|  99|0x0000000710400000, 0x0000000710400000, 0x0000000710600000|  0%| F|  |TAMS 0x0000000710400000| PB 0x0000000710400000| Untracked |  0
| 100|0x0000000710600000, 0x0000000710600000, 0x0000000710800000|  0%| F|  |TAMS 0x0000000710600000| PB 0x0000000710600000| Untracked |  0
| 101|0x0000000710800000, 0x0000000710800000, 0x0000000710a00000|  0%| F|  |TAMS 0x0000000710800000| PB 0x0000000710800000| Untracked |  0
| 102|0x0000000710a00000, 0x0000000710a00000, 0x0000000710c00000|  0%| F|  |TAMS 0x0000000710a00000| PB 0x0000000710a00000| Untracked |  0
| 103|0x0000000710c00000, 0x0000000710c00000, 0x0000000710e00000|  0%| F|  |TAMS 0x0000000710c00000| PB 0x0000000710c00000| Untracked |  0
| 104|0x0000000710e00000, 0x0000000710e00000, 0x0000000711000000|  0%| F|  |TAMS 0x0000000710e00000| PB 0x0000000710e00000| Untracked |  0
| 105|0x0000000711000000, 0x0000000711000000, 0x0000000711200000|  0%| F|  |TAMS 0x0000000711000000| PB 0x0000000711000000| Untracked |  0
| 106|0x0000000711200000, 0x0000000711200000, 0x0000000711400000|  0%| F|  |TAMS 0x0000000711200000| PB 0x0000000711200000| Untracked |  0
| 107|0x0000000711400000, 0x0000000711400000, 0x0000000711600000|  0%| F|  |TAMS 0x0000000711400000| PB 0x0000000711400000| Untracked |  0
| 108|0x0000000711600000, 0x000000071162fca8, 0x0000000711800000|  9%| E|  |TAMS 0x0000000711600000| PB 0x0000000711600000| Complete |  0
| 109|0x0000000711800000, 0x0000000711a00000, 0x0000000711a00000|100%| E|CS|TAMS 0x0000000711800000| PB 0x0000000711800000| Complete |  0
| 110|0x0000000711a00000, 0x0000000711c00000, 0x0000000711c00000|100%| E|CS|TAMS 0x0000000711a00000| PB 0x0000000711a00000| Complete |  0
| 111|0x0000000711c00000, 0x0000000711e00000, 0x0000000711e00000|100%| E|CS|TAMS 0x0000000711c00000| PB 0x0000000711c00000| Complete |  0
| 112|0x0000000711e00000, 0x0000000712000000, 0x0000000712000000|100%| E|CS|TAMS 0x0000000711e00000| PB 0x0000000711e00000| Complete |  0
| 113|0x0000000712000000, 0x0000000712200000, 0x0000000712200000|100%| E|CS|TAMS 0x0000000712000000| PB 0x0000000712000000| Complete |  0
| 114|0x0000000712200000, 0x0000000712400000, 0x0000000712400000|100%| E|CS|TAMS 0x0000000712200000| PB 0x0000000712200000| Complete |  0
| 115|0x0000000712400000, 0x0000000712600000, 0x0000000712600000|100%| E|CS|TAMS 0x0000000712400000| PB 0x0000000712400000| Complete |  0
| 116|0x0000000712600000, 0x0000000712800000, 0x0000000712800000|100%| E|CS|TAMS 0x0000000712600000| PB 0x0000000712600000| Complete |  0
| 117|0x0000000712800000, 0x00000007129b4d40, 0x0000000712a00000| 85%| S|CS|TAMS 0x0000000712800000| PB 0x0000000712800000| Complete |  0
| 118|0x0000000712a00000, 0x0000000712c00000, 0x0000000712c00000|100%| E|CS|TAMS 0x0000000712a00000| PB 0x0000000712a00000| Complete |  0
| 119|0x0000000712c00000, 0x0000000712e00000, 0x0000000712e00000|100%| E|CS|TAMS 0x0000000712c00000| PB 0x0000000712c00000| Complete |  0
| 120|0x0000000712e00000, 0x0000000713000000, 0x0000000713000000|100%| E|CS|TAMS 0x0000000712e00000| PB 0x0000000712e00000| Complete |  0
| 121|0x0000000713000000, 0x0000000713200000, 0x0000000713200000|100%| E|CS|TAMS 0x0000000713000000| PB 0x0000000713000000| Complete |  0
| 122|0x0000000713200000, 0x0000000713400000, 0x0000000713400000|100%| E|CS|TAMS 0x0000000713200000| PB 0x0000000713200000| Complete |  0
| 123|0x0000000713400000, 0x0000000713600000, 0x0000000713600000|100%| E|CS|TAMS 0x0000000713400000| PB 0x0000000713400000| Complete |  0
| 124|0x0000000713600000, 0x0000000713800000, 0x0000000713800000|100%| E|CS|TAMS 0x0000000713600000| PB 0x0000000713600000| Complete |  0
| 125|0x0000000713800000, 0x0000000713a00000, 0x0000000713a00000|100%| E|CS|TAMS 0x0000000713800000| PB 0x0000000713800000| Complete |  0
| 126|0x0000000713a00000, 0x0000000713c00000, 0x0000000713c00000|100%| E|CS|TAMS 0x0000000713a00000| PB 0x0000000713a00000| Complete |  0

Card table byte_map: [0x000002c048f20000,0x000002c049710000] _byte_map_base: 0x000002c045701000

Marking Bits: (CMBitMap*) 0x000002c03cd4a0c0
 Bits: [0x000002c049710000, 0x000002c04d618000)

Polling page: 0x000002c03c490000

Metaspace:

Usage:
  Non-class:     16.33 MB used.
      Class:      2.54 MB used.
       Both:     18.87 MB used.

Virtual space:
  Non-class space:       64.00 MB reserved,      16.44 MB ( 26%) committed,  1 nodes.
      Class space:        1.00 GB reserved,       2.69 MB ( <1%) committed,  1 nodes.
             Both:        1.06 GB reserved,      19.12 MB (  2%) committed. 

Chunk freelists:
   Non-Class:  15.06 MB
       Class:  13.15 MB
        Both:  28.21 MB

MaxMetaspaceSize: unlimited
CompressedClassSpaceSize: 1.00 GB
Initial GC threshold: 21.00 MB
Current GC threshold: 21.00 MB
CDS: on
 - commit_granule_bytes: 65536.
 - commit_granule_words: 8192.
 - virtual_space_node_default_size: 8388608.
 - enlarge_chunks_in_place: 1.
 - use_allocation_guard: 0.


Internal statistics:

num_allocs_failed_limit: 0.
num_arena_births: 304.
num_arena_deaths: 0.
num_vsnodes_births: 2.
num_vsnodes_deaths: 0.
num_space_committed: 306.
num_space_uncommitted: 0.
num_chunks_returned_to_freelist: 0.
num_chunks_taken_from_freelist: 788.
num_chunk_merges: 0.
num_chunk_splits: 559.
num_chunks_enlarged: 434.
num_inconsistent_stats: 0.

CodeCache: size=49152Kb used=6260Kb max_used=6260Kb free=42891Kb
 bounds [0x000002c045400000, 0x000002c045a20000, 0x000002c048400000]
 total_blobs=3329, nmethods=2792, adapters=459, full_count=0
Compilation: enabled, stopped_count=0, restarted_count=0

Compilation events (20 events):
Event: 9.945 Thread 0x000002c0507ea0b0 2781       1       java.util.concurrent.ConcurrentHashMap$MapEntry::<init> (20 bytes)
Event: 9.945 Thread 0x000002c0507ea0b0 nmethod 2781 0x000002c045a19f08 code [0x000002c045a1a020, 0x000002c045a1a210]
Event: 9.946 Thread 0x000002c05008a4a0 nmethod 2780 0x000002c045a1a288 code [0x000002c045a1a3c0, 0x000002c045a1a790]
Event: 9.949 Thread 0x000002c0507ea0b0 2782       1       java.util.concurrent.ConcurrentHashMap$BaseIterator::<init> (21 bytes)
Event: 9.950 Thread 0x000002c0507ea0b0 nmethod 2782 0x000002c045a1a808 code [0x000002c045a1a940, 0x000002c045a1aab0]
Event: 9.950 Thread 0x000002c05008a4a0 2783       1       java.util.Locale::getLanguage (8 bytes)
Event: 9.950 Thread 0x000002c05008a4a0 nmethod 2783 0x000002c045a1ab08 code [0x000002c045a1ac20, 0x000002c045a1acf8]
Event: 9.957 Thread 0x000002c0507ea0b0 2784       1       java.net.InetAddress::holder (5 bytes)
Event: 9.957 Thread 0x000002c0507ea0b0 nmethod 2784 0x000002c045a1ae08 code [0x000002c045a1af20, 0x000002c045a1aff0]
Event: 9.959 Thread 0x000002c05008a4a0 2785       1       java.util.Calendar::internalSet (8 bytes)
Event: 9.960 Thread 0x000002c05008a4a0 nmethod 2785 0x000002c045a1b108 code [0x000002c045a1b220, 0x000002c045a1b318]
Event: 9.964 Thread 0x000002c0500e8410 2786       1       java.nio.Buffer::hasRemaining (17 bytes)
Event: 9.964 Thread 0x000002c0500e8410 nmethod 2786 0x000002c045a1b408 code [0x000002c045a1b520, 0x000002c045a1b600]
Event: 9.969 Thread 0x000002c0500e8410 2788       1       java.security.Provider$Service::getAlgorithm (5 bytes)
Event: 9.969 Thread 0x000002c05008a4a0 2787       1       java.security.Provider$Service::getType (5 bytes)
Event: 9.969 Thread 0x000002c0500e8410 nmethod 2788 0x000002c045a1b708 code [0x000002c045a1b820, 0x000002c045a1b8f0]
Event: 9.969 Thread 0x000002c05008a4a0 nmethod 2787 0x000002c045a1ba08 code [0x000002c045a1bb20, 0x000002c045a1bbf0]
Event: 9.970 Thread 0x000002c0507ea0b0 2789       1       java.security.Provider$Service::getAliases (5 bytes)
Event: 9.970 Thread 0x000002c0507ea0b0 nmethod 2789 0x000002c045a1bd08 code [0x000002c045a1be20, 0x000002c045a1bef0]
Event: 9.970 Thread 0x000002c0500e8410 2790       1       java.security.Provider$ServiceKey::hashCode (19 bytes)

GC Heap History (4 events):
Event: 6.269 GC heap before
{Heap before GC invocations=0 (full 0):
 garbage-first heap   total reserved 4130816K, committed 260096K, used 24576K [0x0000000703e00000, 0x0000000800000000)
  region size 2048K, 12 young (24576K), 0 survivors (0K)
 Metaspace       used 6478K, committed 6720K, reserved 1114112K
  class space    used 817K, committed 960K, reserved 1048576K
}
Event: 6.318 GC heap after
{Heap after GC invocations=1 (full 0):
 garbage-first heap   total reserved 4130816K, committed 260096K, used 8437K [0x0000000703e00000, 0x0000000800000000)
  region size 2048K, 2 young (4096K), 2 survivors (4096K)
 Metaspace       used 6478K, committed 6720K, reserved 1114112K
  class space    used 817K, committed 960K, reserved 1048576K
}
Event: 8.332 GC heap before
{Heap before GC invocations=1 (full 0):
 garbage-first heap   total reserved 4130816K, committed 260096K, used 26869K [0x0000000703e00000, 0x0000000800000000)
  region size 2048K, 11 young (22528K), 2 survivors (4096K)
 Metaspace       used 10531K, committed 10880K, reserved 1114112K
  class space    used 1448K, committed 1600K, reserved 1048576K
}
Event: 8.343 GC heap after
{Heap after GC invocations=2 (full 0):
 garbage-first heap   total reserved 4130816K, committed 260096K, used 10506K [0x0000000703e00000, 0x0000000800000000)
  region size 2048K, 1 young (2048K), 1 survivors (2048K)
 Metaspace       used 10531K, committed 10880K, reserved 1114112K
  class space    used 1448K, committed 1600K, reserved 1048576K
}

Dll operation events (10 events):
Event: 0.209 Loaded shared library C:\Program Files\Java\jdk-23\bin\java.dll
Event: 1.202 Loaded shared library C:\Program Files\Java\jdk-23\bin\zip.dll
Event: 1.215 Loaded shared library C:\Program Files\Java\jdk-23\bin\instrument.dll
Event: 1.231 Loaded shared library C:\Program Files\Java\jdk-23\bin\net.dll
Event: 1.238 Loaded shared library C:\Program Files\Java\jdk-23\bin\nio.dll
Event: 1.249 Loaded shared library C:\Program Files\Java\jdk-23\bin\zip.dll
Event: 1.935 Loaded shared library C:\Program Files\Java\jdk-23\bin\jimage.dll
Event: 1.944 Loaded shared library C:\Program Files\Java\jdk-23\bin\extnet.dll
Event: 2.022 Loaded shared library C:\Program Files\Java\jdk-23\bin\management.dll
Event: 2.091 Loaded shared library C:\Program Files\Java\jdk-23\bin\management_ext.dll

Deoptimization events (0 events):
No events

Classes loaded (20 events):
Event: 9.900 Loading class sun/util/PropertyResourceBundleCharset$PropertiesFileDecoder done
Event: 9.904 Loading class java/util/ResourceBundle$BundleReference
Event: 9.904 Loading class java/util/ResourceBundle$BundleReference done
Event: 9.927 Loading class javax/security/auth/login/LoginException
Event: 9.927 Loading class javax/security/auth/login/LoginException done
Event: 9.956 Loading class java/lang/Thread$ThreadNumbering
Event: 9.956 Loading class java/lang/Thread$ThreadNumbering done
Event: 9.958 Loading class sun/rmi/transport/tcp/TCPTransport$ConnectionHandler
Event: 9.958 Loading class sun/rmi/transport/tcp/TCPTransport$ConnectionHandler done
Event: 9.959 Loading class java/util/concurrent/ThreadPoolExecutor$Worker
Event: 9.959 Loading class java/util/concurrent/ThreadPoolExecutor$Worker done
Event: 9.966 Loading class java/security/NoSuchAlgorithmException
Event: 9.966 Loading class java/security/NoSuchAlgorithmException done
Event: 9.966 Loading class java/security/NoSuchProviderException
Event: 9.966 Loading class java/security/NoSuchProviderException done
Event: 9.967 Loading class sun/security/rsa/SunRsaSign
Event: 9.967 Loading class sun/security/rsa/SunRsaSign done
Event: 9.967 Loading class sun/security/rsa/SunRsaSignEntries
Event: 9.968 Loading class sun/security/rsa/SunRsaSignEntries done
Event: 9.970 Loading class sun/security/ec/SunEC

Classes unloaded (0 events):
No events

Classes redefined (0 events):
No events

Internal exceptions (20 events):
Event: 8.023 Thread 0x000002c03cce2430 Exception <a 'java/lang/NoSuchMethodError'{0x0000000712c4b9c0}: 'int java.lang.invoke.DirectMethodHandle$Holder.invokeStatic(java.lang.Object, int, java.lang.Object, java.lang.Object)'> (0x0000000712c4b9c0) 
thrown [s\open\src\hotspot\share\interpreter\linkResolver.cpp, line 796]
Event: 8.024 Thread 0x000002c03cce2430 Exception <a 'java/lang/NoSuchMethodError'{0x0000000712c52b88}: 'java.lang.Object java.lang.invoke.DirectMethodHandle$Holder.newInvokeSpecial(java.lang.Object, int, java.lang.Object)'> (0x0000000712c52b88) 
thrown [s\open\src\hotspot\share\interpreter\linkResolver.cpp, line 796]
Event: 8.025 Thread 0x000002c03cce2430 Exception <a 'java/lang/NoSuchMethodError'{0x0000000712c57440}: 'int java.lang.invoke.DirectMethodHandle$Holder.invokeSpecialIFC(java.lang.Object, java.lang.Object, java.lang.Object, java.lang.Object)'> (0x0000000712c57440) 
thrown [s\open\src\hotspot\share\interpreter\linkResolver.cpp, line 796]
Event: 8.080 Thread 0x000002c03cce2430 Exception <a 'java/lang/NoSuchMethodError'{0x0000000712d37c70}: 'void java.lang.invoke.DirectMethodHandle$Holder.invokeInterface(java.lang.Object, java.lang.Object, java.lang.Object)'> (0x0000000712d37c70) 
thrown [s\open\src\hotspot\share\interpreter\linkResolver.cpp, line 796]
Event: 8.131 Thread 0x000002c03cce2430 Exception <a 'java/lang/NoSuchMethodError'{0x0000000712dbe858}: 'java.lang.Object java.lang.invoke.DirectMethodHandle$Holder.invokeVirtual(java.lang.Object, java.lang.Object, java.lang.Object)'> (0x0000000712dbe858) 
thrown [s\open\src\hotspot\share\interpreter\linkResolver.cpp, line 796]
Event: 8.196 Thread 0x000002c03cce2430 Exception <a 'java/lang/NoSuchMethodError'{0x0000000712a93d68}: 'void java.lang.invoke.DirectMethodHandle$Holder.invokeStatic(java.lang.Object, java.lang.Object, int)'> (0x0000000712a93d68) 
thrown [s\open\src\hotspot\share\interpreter\linkResolver.cpp, line 796]
Event: 8.209 Thread 0x000002c03cce2430 Exception <a 'java/lang/NoSuchMethodError'{0x0000000712aa7a28}: 'void java.lang.invoke.DirectMethodHandle$Holder.invokeStaticInit(java.lang.Object, java.lang.Object, java.lang.Object)'> (0x0000000712aa7a28) 
thrown [s\open\src\hotspot\share\interpreter\linkResolver.cpp, line 796]
Event: 8.226 Thread 0x000002c03cce2430 Exception <a 'java/lang/NoSuchMethodError'{0x0000000712aeb2d0}: 'java.lang.Object java.lang.invoke.DirectMethodHandle$Holder.invokeStatic(java.lang.Object, long, java.lang.Object)'> (0x0000000712aeb2d0) 
thrown [s\open\src\hotspot\share\interpreter\linkResolver.cpp, line 796]
Event: 8.227 Thread 0x000002c03cce2430 Exception <a 'java/lang/NoSuchMethodError'{0x0000000712aee970}: 'java.lang.Object java.lang.invoke.DirectMethodHandle$Holder.invokeStaticInit(java.lang.Object, long, java.lang.Object)'> (0x0000000712aee970) 
thrown [s\open\src\hotspot\share\interpreter\linkResolver.cpp, line 796]
Event: 8.228 Thread 0x000002c03cce2430 Exception <a 'java/lang/NoSuchMethodError'{0x0000000712af4228}: 'java.lang.Object java.lang.invoke.DirectMethodHandle$Holder.newInvokeSpecial(java.lang.Object, long)'> (0x0000000712af4228) 
thrown [s\open\src\hotspot\share\interpreter\linkResolver.cpp, line 796]
Event: 8.266 Thread 0x000002c03cce2430 Exception <a 'java/lang/NoSuchMethodError'{0x0000000712b4f918}: 'void java.lang.invoke.DirectMethodHandle$Holder.invokeSpecial(java.lang.Object, java.lang.Object, java.lang.Object, java.lang.Object, java.lang.Object)'> (0x0000000712b4f918) 
thrown [s\open\src\hotspot\share\interpreter\linkResolver.cpp, line 796]
Event: 8.268 Thread 0x000002c03cce2430 Exception <a 'java/lang/NoSuchMethodError'{0x0000000712b57258}: 'void java.lang.invoke.DirectMethodHandle$Holder.invokeVirtual(java.lang.Object, java.lang.Object, java.lang.Object, java.lang.Object)'> (0x0000000712b57258) 
thrown [s\open\src\hotspot\share\interpreter\linkResolver.cpp, line 796]
Event: 8.422 Thread 0x000002c03cce2430 Exception <a 'java/lang/IncompatibleClassChangeError'{0x0000000713b199e8}: Found class java.lang.Object, but interface was expected> (0x0000000713b199e8) 
thrown [s\open\src\hotspot\share\interpreter\linkResolver.cpp, line 863]
Event: 9.444 Thread 0x000002c03cce2430 Exception <a 'java/lang/NoSuchMethodError'{0x00000007125f1fa8}: 'int java.lang.invoke.DirectMethodHandle$Holder.invokeSpecial(java.lang.Object, java.lang.Object, java.lang.Object, java.lang.Object, java.lang.Object)'> (0x00000007125f1fa8) 
thrown [s\open\src\hotspot\share\interpreter\linkResolver.cpp, line 796]
Event: 9.453 Thread 0x000002c03cce2430 Exception <a 'java/lang/NoSuchMethodError'{0x00000007122d7700}: 'void java.lang.invoke.DirectMethodHandle$Holder.invokeVirtual(java.lang.Object, java.lang.Object)'> (0x00000007122d7700) 
thrown [s\open\src\hotspot\share\interpreter\linkResolver.cpp, line 796]
Event: 9.716 Thread 0x000002c09633c140 Exception <a 'java/lang/NoSuchMethodError'{0x0000000711d741f0}: 'long java.lang.invoke.DirectMethodHandle$Holder.invokeStatic(java.lang.Object, java.lang.Object)'> (0x0000000711d741f0) 
thrown [s\open\src\hotspot\share\interpreter\linkResolver.cpp, line 796]
Event: 9.717 Thread 0x000002c09633c140 Exception <a 'java/lang/NoSuchMethodError'{0x0000000711d775a0}: 'long java.lang.invoke.DirectMethodHandle$Holder.invokeStaticInit(java.lang.Object, java.lang.Object)'> (0x0000000711d775a0) 
thrown [s\open\src\hotspot\share\interpreter\linkResolver.cpp, line 796]
Event: 9.722 Thread 0x000002c09633c140 Exception <a 'java/lang/NoSuchMethodError'{0x0000000711d83ad8}: 'long java.lang.invoke.DirectMethodHandle$Holder.invokeInterface(java.lang.Object, java.lang.Object)'> (0x0000000711d83ad8) 
thrown [s\open\src\hotspot\share\interpreter\linkResolver.cpp, line 796]
Event: 9.722 Thread 0x000002c09633c140 Exception <a 'java/lang/IncompatibleClassChangeError'{0x0000000711d86ea0}: Found class java.lang.Object, but interface was expected> (0x0000000711d86ea0) 
thrown [s\open\src\hotspot\share\interpreter\linkResolver.cpp, line 863]
Event: 9.772 Thread 0x000002c09633c140 Exception <a 'java/lang/NoSuchMethodError'{0x0000000711a71898}: 'java.lang.Object java.lang.invoke.DirectMethodHandle$Holder.invokeVirtual(java.lang.Object, java.lang.Object, java.lang.Object, java.lang.Object)'> (0x0000000711a71898) 
thrown [s\open\src\hotspot\share\interpreter\linkResolver.cpp, line 796]

VM Operations (20 events):
Event: 6.269 Executing VM operation: G1CollectForAllocation (G1 Evacuation Pause)
Event: 6.318 Executing VM operation: G1CollectForAllocation (G1 Evacuation Pause) done
Event: 7.312 Executing VM operation: HandshakeAllThreads (Deoptimize)
Event: 7.312 Executing VM operation: HandshakeAllThreads (Deoptimize) done
Event: 7.942 Executing VM operation: HandshakeAllThreads (Deoptimize)
Event: 7.943 Executing VM operation: HandshakeAllThreads (Deoptimize) done
Event: 8.332 Executing VM operation: G1CollectForAllocation (G1 Evacuation Pause)
Event: 8.343 Executing VM operation: G1CollectForAllocation (G1 Evacuation Pause) done
Event: 8.374 Executing VM operation: HandshakeAllThreads (Deoptimize)
Event: 8.374 Executing VM operation: HandshakeAllThreads (Deoptimize) done
Event: 8.387 Executing VM operation: HandshakeAllThreads (Deoptimize)
Event: 8.387 Executing VM operation: HandshakeAllThreads (Deoptimize) done
Event: 9.073 Executing VM operation: HandshakeAllThreads (Deoptimize)
Event: 9.074 Executing VM operation: HandshakeAllThreads (Deoptimize) done
Event: 9.213 Executing VM operation: HandshakeAllThreads (Deoptimize)
Event: 9.213 Executing VM operation: HandshakeAllThreads (Deoptimize) done
Event: 9.386 Executing VM operation: HandshakeAllThreads (Deoptimize)
Event: 9.386 Executing VM operation: HandshakeAllThreads (Deoptimize) done
Event: 9.864 Executing VM operation: HandshakeAllThreads (Deoptimize)
Event: 9.865 Executing VM operation: HandshakeAllThreads (Deoptimize) done

Memory protections (0 events):
No events

Nmethod flushes (0 events):
No events

Events (18 events):
Event: 0.406 Thread 0x000002c03cce2430 Thread added: 0x000002c03cce2430
Event: 0.526 Thread 0x000002c03cce2430 Thread added: 0x000002c050080300
Event: 0.526 Thread 0x000002c03cce2430 Thread added: 0x000002c050081bf0
Event: 0.527 Thread 0x000002c03cce2430 Thread added: 0x000002c0500846f0
Event: 0.528 Thread 0x000002c03cce2430 Thread added: 0x000002c0500883d0
Event: 0.528 Thread 0x000002c03cce2430 Thread added: 0x000002c050088fe0
Event: 0.528 Thread 0x000002c03cce2430 Thread added: 0x000002c050089a40
Event: 0.528 Thread 0x000002c03cce2430 Thread added: 0x000002c05008a4a0
Event: 0.559 Thread 0x000002c05008a4a0 Thread added: 0x000002c0500e8410
Event: 1.128 Thread 0x000002c03cce2430 Thread added: 0x000002c0501d1f50
Event: 1.908 Thread 0x000002c03cce2430 Thread added: 0x000002c050652120
Event: 1.908 Thread 0x000002c03cce2430 Thread added: 0x000002c050657e70
Event: 2.707 Thread 0x000002c0500e8410 Thread added: 0x000002c0507e99f0
Event: 2.707 Thread 0x000002c0500e8410 Thread added: 0x000002c0507ea0b0
Event: 3.644 Thread 0x000002c03cce2430 Thread added: 0x000002c050979a10
Event: 8.412 Thread 0x000002c03cce2430 Thread added: 0x000002c09633c140
Event: 9.957 Thread 0x000002c03cce2430 Thread added: 0x000002c096796840
Event: 9.960 Thread 0x000002c050979a10 Thread added: 0x000002c096850d40


Dynamic libraries:
0x00007ff7ca2b0000 - 0x00007ff7ca2c0000 	C:\Program Files\Java\jdk-23\bin\java.exe
0x00007ffd9d890000 - 0x00007ffd9daa8000 	C:\Windows\SYSTEM32\ntdll.dll
0x00007ffd9d640000 - 0x00007ffd9d704000 	C:\Windows\System32\KERNEL32.DLL
0x00007ffd9af10000 - 0x00007ffd9b2e3000 	C:\Windows\System32\KERNELBASE.dll
0x00007ffd9a9a0000 - 0x00007ffd9aab1000 	C:\Windows\System32\ucrtbase.dll
0x00007ffce31e0000 - 0x00007ffce31f7000 	C:\Program Files\Java\jdk-23\bin\jli.dll
0x00007ffd9cfe0000 - 0x00007ffd9d192000 	C:\Windows\System32\USER32.dll
0x00007ffd9b2f0000 - 0x00007ffd9b316000 	C:\Windows\System32\win32u.dll
0x00007ffd9d710000 - 0x00007ffd9d739000 	C:\Windows\System32\GDI32.dll
0x00007ffd9ab40000 - 0x00007ffd9ac5b000 	C:\Windows\System32\gdi32full.dll
0x00007ffd9b410000 - 0x00007ffd9b4aa000 	C:\Windows\System32\msvcp_win.dll
0x00007ffd86e20000 - 0x00007ffd870bc000 	C:\Windows\WinSxS\amd64_microsoft.windows.common-controls_6595b64144ccf1df_6.0.22621.6060_none_2712eda17382d24b\COMCTL32.dll
0x00007ffd9c950000 - 0x00007ffd9c9f7000 	C:\Windows\System32\msvcrt.dll
0x00007ffd32840000 - 0x00007ffd3285b000 	C:\Program Files\Java\jdk-23\bin\VCRUNTIME140.dll
0x00007ffd9cc30000 - 0x00007ffd9cc61000 	C:\Windows\System32\IMM32.DLL
0x00007ffd949c0000 - 0x00007ffd949cc000 	C:\Program Files\Java\jdk-23\bin\vcruntime140_1.dll
0x00007ffcda2c0000 - 0x00007ffcda34e000 	C:\Program Files\Java\jdk-23\bin\msvcp140.dll
0x00007ffcbb940000 - 0x00007ffcbc68f000 	C:\Program Files\Java\jdk-23\bin\server\jvm.dll
0x00007ffd9cdf0000 - 0x00007ffd9cea1000 	C:\Windows\System32\ADVAPI32.dll
0x00007ffd9d1a0000 - 0x00007ffd9d248000 	C:\Windows\System32\sechost.dll
0x00007ffd9b320000 - 0x00007ffd9b348000 	C:\Windows\System32\bcrypt.dll
0x00007ffd9cec0000 - 0x00007ffd9cfd8000 	C:\Windows\System32\RPCRT4.dll
0x00007ffd9d4c0000 - 0x00007ffd9d531000 	C:\Windows\System32\WS2_32.dll
0x00007ffd997b0000 - 0x00007ffd997fd000 	C:\Windows\SYSTEM32\POWRPROF.dll
0x00007ffd94950000 - 0x00007ffd94984000 	C:\Windows\SYSTEM32\WINMM.dll
0x00007ffd97c70000 - 0x00007ffd97c7a000 	C:\Windows\SYSTEM32\VERSION.dll
0x00007ffd99790000 - 0x00007ffd997a3000 	C:\Windows\SYSTEM32\UMPDC.dll
0x00007ffd99a30000 - 0x00007ffd99a48000 	C:\Windows\SYSTEM32\kernel.appcore.dll
0x00007ffd838f0000 - 0x00007ffd838fa000 	C:\Program Files\Java\jdk-23\bin\jimage.dll
0x00007ffd979d0000 - 0x00007ffd97c03000 	C:\Windows\SYSTEM32\DBGHELP.DLL
0x00007ffd9c590000 - 0x00007ffd9c921000 	C:\Windows\System32\combase.dll
0x00007ffd9d540000 - 0x00007ffd9d618000 	C:\Windows\System32\OLEAUT32.dll
0x00007ffd81d80000 - 0x00007ffd81db2000 	C:\Windows\SYSTEM32\dbgcore.DLL
0x00007ffd9aac0000 - 0x00007ffd9ab3b000 	C:\Windows\System32\bcryptPrimitives.dll
0x00007ffd329e0000 - 0x00007ffd329ef000 	C:\Program Files\Java\jdk-23\bin\instrument.dll
0x00007ffcda2a0000 - 0x00007ffcda2be000 	C:\Program Files\Java\jdk-23\bin\java.dll
0x00007ffd9ca80000 - 0x00007ffd9cc21000 	C:\Windows\System32\ole32.dll
0x00007ffd9bc80000 - 0x00007ffd9c51c000 	C:\Windows\System32\SHELL32.dll
0x00007ffd9add0000 - 0x00007ffd9af0f000 	C:\Windows\System32\wintypes.dll
0x00007ffd98860000 - 0x00007ffd9917a000 	C:\Windows\SYSTEM32\windows.storage.dll
0x00007ffd9b530000 - 0x00007ffd9b634000 	C:\Windows\System32\SHCORE.dll
0x00007ffd9c520000 - 0x00007ffd9c589000 	C:\Windows\System32\shlwapi.dll
0x00007ffd9a8d0000 - 0x00007ffd9a8f5000 	C:\Windows\SYSTEM32\profapi.dll
0x00007ffd49bc0000 - 0x00007ffd49bd7000 	C:\Program Files\Java\jdk-23\bin\zip.dll
0x00007ffd49bb0000 - 0x00007ffd49bc0000 	C:\Program Files\Java\jdk-23\bin\net.dll
0x00007ffd99ef0000 - 0x00007ffd99f59000 	C:\Windows\system32\mswsock.dll
0x00007ffcda280000 - 0x00007ffcda296000 	C:\Program Files\Java\jdk-23\bin\nio.dll
0x00007ffd22bc0000 - 0x00007ffd22bc9000 	C:\Program Files\Java\jdk-23\bin\extnet.dll
0x00007ffd99510000 - 0x00007ffd99608000 	C:\Windows\SYSTEM32\DNSAPI.dll
0x00007ffd99490000 - 0x00007ffd994bd000 	C:\Windows\SYSTEM32\IPHLPAPI.DLL
0x00007ffd9c940000 - 0x00007ffd9c949000 	C:\Windows\System32\NSI.dll
0x00007ffd93ed0000 - 0x00007ffd93eda000 	C:\Windows\System32\rasadhlp.dll
0x00007ffd946c0000 - 0x00007ffd94744000 	C:\Windows\System32\fwpuclnt.dll
0x00007ffd31950000 - 0x00007ffd3195a000 	C:\Program Files\Java\jdk-23\bin\management.dll
0x00007ffd288b0000 - 0x00007ffd288bb000 	C:\Program Files\Java\jdk-23\bin\management_ext.dll
0x00007ffd9c930000 - 0x00007ffd9c938000 	C:\Windows\System32\PSAPI.DLL
0x00007ffd9a240000 - 0x00007ffd9a25b000 	C:\Windows\SYSTEM32\CRYPTSP.dll
0x00007ffd99990000 - 0x00007ffd999c7000 	C:\Windows\system32\rsaenh.dll
0x00007ffd99f90000 - 0x00007ffd99fb8000 	C:\Windows\SYSTEM32\USERENV.dll
0x00007ffd9a220000 - 0x00007ffd9a22c000 	C:\Windows\SYSTEM32\CRYPTBASE.dll
0x00007ffd6bdd0000 - 0x00007ffd6bde7000 	C:\Windows\system32\napinsp.dll
0x00007ffd6be80000 - 0x00007ffd6be9b000 	C:\Windows\system32\pnrpnsp.dll
0x00007ffd6be60000 - 0x00007ffd6be71000 	C:\Windows\System32\winrnr.dll
0x00007ffd6be40000 - 0x00007ffd6be55000 	C:\Windows\system32\wshbth.dll
0x00007ffd6be10000 - 0x00007ffd6be31000 	C:\Windows\system32\nlansp_c.dll

dbghelp: loaded successfully - version: 4.0.5 - missing functions: none
symbol engine: initialized successfully - sym options: 0x614 - pdb path: .;C:\Program Files\Java\jdk-23\bin;C:\Windows\SYSTEM32;C:\Windows\WinSxS\amd64_microsoft.windows.common-controls_6595b64144ccf1df_6.0.22621.6060_none_2712eda17382d24b;C:\Program Files\Java\jdk-23\bin\server

VM Arguments:
jvm_args: -XX:TieredStopAtLevel=1 -Dspring.output.ansi.enabled=always -Dcom.sun.management.jmxremote -Dspring.jmx.enabled=true -Dspring.liveBeansView.mbeanDomain -Dspring.application.admin.enabled=true -Dmanagement.endpoints.jmx.exposure.include=* -javaagent:D:\Intellij\IntelliJ IDEA 2025.2.4\lib\idea_rt.jar=64011 -Dfile.encoding=UTF-8 -Dsun.stdout.encoding=UTF-8 -Dsun.stderr.encoding=UTF-8 
java_command: com.example.demo.DemoApplication
java_class_path (initial): D:\Projet_5IIR\Projet_CreditXAI\CreditXAI\services\backend\target\classes;C:\Users\zakaria\.m2\repository\org\springframework\boot\spring-boot-starter-web\3.2.7\spring-boot-starter-web-3.2.7.jar;C:\Users\zakaria\.m2\repository\org\springframework\boot\spring-boot-starter\3.2.7\spring-boot-starter-3.2.7.jar;C:\Users\zakaria\.m2\repository\org\springframework\boot\spring-boot\3.2.7\spring-boot-3.2.7.jar;C:\Users\zakaria\.m2\repository\org\springframework\boot\spring-boot-autoconfigure\3.2.7\spring-boot-autoconfigure-3.2.7.jar;C:\Users\zakaria\.m2\repository\org\springframework\boot\spring-boot-starter-logging\3.2.7\spring-boot-starter-logging-3.2.7.jar;C:\Users\zakaria\.m2\repository\ch\qos\logback\logback-classic\1.4.14\logback-classic-1.4.14.jar;C:\Users\zakaria\.m2\repository\ch\qos\logback\logback-core\1.4.14\logback-core-1.4.14.jar;C:\Users\zakaria\.m2\repository\org\apache\logging\log4j\log4j-to-slf4j\2.21.1\log4j-to-slf4j-2.21.1.jar;C:\Users\zakaria\.m2\repository\org\apache\logging\log4j\log4j-api\2.21.1\log4j-api-2.21.1.jar;C:\Users\zakaria\.m2\repository\org\slf4j\jul-to-slf4j\2.0.13\jul-to-slf4j-2.0.13.jar;C:\Users\zakaria\.m2\repository\jakarta\annotation\jakarta.annotation-api\2.1.1\jakarta.annotation-api-2.1.1.jar;C:\Users\zakaria\.m2\repository\org\yaml\snakeyaml\2.2\snakeyaml-2.2.jar;C:\Users\zakaria\.m2\repository\org\springframework\boot\spring-boot-starter-json\3.2.7\spring-boot-starter-json-3.2.7.jar;C:\Users\zakaria\.m2\repository\com\fasterxml\jackson\datatype\jackson-datatype-jdk8\2.15.4\jackson-datatype-jdk8-2.15.4.jar;C:\Users\zakaria\.m2\repository\com\fasterxml\jackson\datatype\jackson-datatype-jsr310\2.15.4\jackson-datatype-jsr310-2.15.4.jar;C:\Users\zakaria\.m2\repository\com\fasterxml\jackson\module\jackson-module-parameter-names\2.15.4\jackson-module-parameter-names-2.15.4.jar;C:\Users\zakaria\.m2\repository\org\springframework\boot\spring-boot-starter-tomcat\3.2.7\spring-boot-starter-tomcat-3.2.7.jar;C:\Users\zakaria\.m2\repository\org\apache\tomcat\embed\tomcat-embed-core\10.1.25\tomcat-embed-core-10.1.25.jar;C:\Users\zakaria\.m2\repository\org\apache\tomcat\embed\tomcat-embed-el\10.1.25\tomcat-embed-el-10.1.25.jar;C:\Users\zakaria\.m2\repository\org\apache\tomcat\embed\tomcat-embed-websocket\10.1.25\tomcat-embed-websocket-10.1.25.jar;C:\Users\zakaria\.m2\repository\org\springframework\spring-web\6.1.10\spring-web-6.1.10.jar;C:\Users\zakaria\.m2\repository\org\springframework\spring-beans\6.1.10\spring-beans-6.1.10.jar;C:\Users\zakaria\.m2\repository\io\micrometer\micrometer-observation\1.12.7\micrometer-observation-1.12.7.jar;C:\Users\zakaria\.m2\repository\io\micrometer\micrometer-commons\1.12.7\micrometer-commons-1.12.7.jar;C:\Users\zakaria\.m2\repository\org\springframework\spring-webmvc\6.1.10\spring-webmvc-6.1.10.jar;C:\Users\zakaria\.m2\repository\org\springframework\spring-context\6.1.10\spring-context-6.1.10.jar;C:\Users\zakaria\.m2\repository\org\springframework\spring-expression\6.1.10\spring-expression-6.1.10.jar;C:\Users\zakaria\.m2\repository\org\springframework\boot\spring-boot-starter-data-jpa\3.2.7\spring-boot-starter-data-jpa-3.2.7.jar;C:\Users\zakaria\.m2\repository\org\springframework\boot\spring-boot-starter-aop\3.2.7\spring-boot-starter-aop-3.2.7.jar;C:\Users\zakaria\.m2\repository\org\aspectj\aspectjweaver\1.9.22\aspectjweaver-1.9.22.jar;C:\Users\zakaria\.m2\repository\org\springframework\boot\spring-boot-starter-jdbc\3.2.7\spring-boot-starter-jdbc-3.2.7.jar;C:\Users\zakaria\.m2\repository\com\zaxxer\HikariCP\5.0.1\HikariCP-5.0.1.jar;C:\Users\zakaria\.m2\repository\org\springframework\spring-jdbc\6.1.10\spring-jdbc-6.1.10.jar;C:\Users\zakaria\.m2\repository\org\hibernate\orm\hibernate-core\6.4.9.Final\hibernate-core-6.4.9.Final.jar;C:\Users\zakaria\.m2\repository\jakarta\persistence\jakarta.persistence-api\3.1.0\jakarta.persistence-api-3.1.0.jar;C:\Users\zakaria\.m2\repository\jakarta\transaction\jakarta.transaction-api\2.0.1\jakarta.transaction-api-2.0.1.jar;C:\Users\zakaria\.m2\repository\org\jboss\logging\jboss-logging\3.5.3.Final\jboss-logging-3.5.3.Final.jar;C:\Users\zakaria\.m2\repository\org\hibernate\common\hibernate-commons-annotations\6.0.6.Final\hibernate-commons-annotations-6.0.6.Final.jar;C:\Users\zakaria\.m2\repository\io\smallrye\jandex\3.1.2\jandex-3.1.2.jar;C:\Users\zakaria\.m2\repository\com\fasterxml\classmate\1.6.0\classmate-1.6.0.jar;C:\Users\zakaria\.m2\repository\net\bytebuddy\byte-buddy\1.14.17\byte-buddy-1.14.17.jar;C:\Users\zakaria\.m2\repository\org\glassfish\jaxb\jaxb-runtime\4.0.5\jaxb-runtime-4.0.5.jar;C:\Users\zakaria\.m2\repository\org\glassfish\jaxb\jaxb-core\4.0.5\jaxb-core-4.0.5.jar;C:\Users\zakaria\.m2\repository\org\eclipse\angus\angus-activation\2.0.2\angus-activation-2.0.2.jar;C:\Users\zakaria\.m2\repository\org\glassfish\jaxb\txw2\4.0.5\txw2-4.0.5.jar;C:\Users\zakaria\.m2\repository\com\sun\istack\istack-commons-runtime\4.1.2\istack-commons-runtime-4.1.2.jar;C:\Users\zakaria\.m2\repository\jakarta\inject\jakarta.inject-api\2.0.1\jakarta.inject-api-2.0.1.jar;C:\Users\zakaria\.m2\repository\org\antlr\antlr4-runtime\4.13.0\antlr4-runtime-4.13.0.jar;C:\Users\zakaria\.m2\repository\org\springframework\data\spring-data-jpa\3.2.7\spring-data-jpa-3.2.7.jar;C:\Users\zakaria\.m2\repository\org\springframework\data\spring-data-commons\3.2.7\spring-data-commons-3.2.7.jar;C:\Users\zakaria\.m2\repository\org\springframework\spring-orm\6.1.10\spring-orm-6.1.10.jar;C:\Users\zakaria\.m2\repository\org\springframework\spring-tx\6.1.10\spring-tx-6.1.10.jar;C:\Users\zakaria\.m2\repository\org\slf4j\slf4j-api\2.0.13\slf4j-api-2.0.13.jar;C:\Users\zakaria\.m2\repository\org\springframework\spring-aspects\6.1.10\spring-aspects-6.1.10.jar;C:\Users\zakaria\.m2\repository\org\postgresql\postgresql\42.6.2\postgresql-42.6.2.jar;C:\Users\zakaria\.m2\repository\org\checkerframework\checker-qual\3.31.0\checker-qual-3.31.0.jar;C:\Users\zakaria\.m2\repository\org\springframework\boot\spring-boot-starter-security\3.2.7\spring-boot-starter-security-3.2.7.jar;C:\Users\zakaria\.m2\repository\org\springframework\spring-aop\6.1.10\spring-aop-6.1.10.jar;C:\Users\zakaria\.m2\repository\org\springframework\security\spring-security-config\6.2.5\spring-security-config-6.2.5.jar;C:\Users\zakaria\.m2\repository\org\springframework\security\spring-security-core\6.2.5\spring-security-core-6.2.5.jar;C:\Users\zakaria\.m2\repository\org\springframework\security\spring-security-crypto\6.2.5\spring-security-crypto-6.2.5.jar;C:\Users\zakaria\.m2\repository\org\springframework\security\spring-security-web\6.2.5\spring-security-web-6.2.5.jar;C:\Users\zakaria\.m2\repository\io\jsonwebtoken\jjwt-api\0.11.5\jjwt-api-0.11.5.jar;C:\Users\zakaria\.m2\repository\io\jsonwebtoken\jjwt-impl\0.11.5\jjwt-impl-0.11.5.jar;C:\Users\zakaria\.m2\repository\io\jsonwebtoken\jjwt-jackson\0.11.5\jjwt-jackson-0.11.5.jar;C:\Users\zakaria\.m2\repository\com\fasterxml\jackson\core\jackson-databind\2.15.4\jackson-databind-2.15.4.jar;C:\Users\zakaria\.m2\repository\org\projectlombok\lombok\1.18.32\lombok-1.18.32.jar;C:\Users\zakaria\.m2\repository\jakarta\xml\bind\jakarta.xml.bind-api\4.0.2\jakarta.xml.bind-api-4.0.2.jar;C:\Users\zakaria\.m2\repository\jakarta\activation\jakarta.activation-api\2.1.3\jakarta.activation-api-2.1.3.jar;C:\Users\zakaria\.m2\repository\org\springframework\spring-core\6.1.10\spring-core-6.1.10.jar;C:\Users\zakaria\.m2\repository\org\springframework\spring-jcl\6.1.10\spring-jcl-6.1.10.jar;C:\Users\zakaria\.m2\repository\org\springdoc\springdoc-openapi-starter-webmvc-ui\2.5.0\springdoc-openapi-starter-webmvc-ui-2.5.0.jar;C:\Users\zakaria\.m2\repository\org\springdoc\springdoc-openapi-starter-webmvc-api\2.5.0\springdoc-openapi-starter-webmvc-api-2.5.0.jar;C:\Users\zakaria\.m2\repository\org\springdoc\springdoc-openapi-starter-common\2.5.0\springdoc-openapi-starter-common-2.5.0.jar;C:\Users\zakaria\.m2\repository\io\swagger\core\v3\swagger-core-jakarta\2.2.21\swagger-core-jakarta-2.2.21.jar;C:\Users\zakaria\.m2\repository\org\apache\commons\commons-lang3\3.13.0\commons-lang3-3.13.0.jar;C:\Users\zakaria\.m2\repository\io\swagger\core\v3\swagger-annotations-jakarta\2.2.21\swagger-annotations-jakarta-2.2.21.jar;C:\Users\zakaria\.m2\repository\io\swagger\core\v3\swagger-models-jakarta\2.2.21\swagger-models-jakarta-2.2.21.jar;C:\Users\zakaria\.m2\repository\jakarta\validation\jakarta.validation-api\3.0.2\jakarta.validation-api-3.0.2.jar;C:\Users\zakaria\.m2\repository\com\fasterxml\jackson\dataformat\jackson-dataformat-yaml\2.15.4\jackson-dataformat-yaml-2.15.4.jar;C:\Users\zakaria\.m2\repository\org\webjars\swagger-ui\5.13.0\swagger-ui-5.13.0.jar;C:\Users\zakaria\.m2\repository\io\minio\minio\8.5.7\minio-8.5.7.jar;C:\Users\zakaria\.m2\repository\com\carrotsearch\thirdparty\simple-xml-safe\2.7.1\simple-xml-safe-2.7.1.jar;C:\Users\zakaria\.m2\repository\com\google\guava\guava\32.1.3-jre\guava-32.1.3-jre.jar;C:\Users\zakaria\.m2\repository\com\google\guava\failureaccess\1.0.1\failureaccess-1.0.1.jar;C:\Users\zakaria\.m2\repository\com\google\guava\listenablefuture\9999.0-empty-to-avoid-conflict-with-guava\listenablefuture-9999.0-empty-to-avoid-conflict-with-guava.jar;C:\Users\zakaria\.m2\repository\com\google\code\findbugs\jsr305\3.0.2\jsr305-3.0.2.jar;C:\Users\zakaria\.m2\repository\com\google\errorprone\error_prone_annotations\2.21.1\error_prone_annotations-2.21.1.jar;C:\Users\zakaria\.m2\repository\com\google\j2objc\j2objc-annotations\2.8\j2objc-annotations-2.8.jar;C:\Users\zakaria\.m2\repository\com\squareup\okhttp3\okhttp\4.12.0\okhttp-4.12.0.jar;C:\Users\zakaria\.m2\repository\com\squareup\okio\okio\3.6.0\okio-3.6.0.jar;C:\Users\zakaria\.m2\repository\com\squareup\okio\okio-jvm\3.6.0\okio-jvm-3.6.0.jar;C:\Users\zakaria\.m2\repository\org\jetbrains\kotlin\kotlin-stdlib-common\1.9.24\kotlin-stdlib-common-1.9.24.jar;C:\Users\zakaria\.m2\repository\org\jetbrains\kotlin\kotlin-stdlib-jdk8\1.9.24\kotlin-stdlib-jdk8-1.9.24.jar;C:\Users\zakaria\.m2\repository\org\jetbrains\kotlin\kotlin-stdlib\1.9.24\kotlin-stdlib-1.9.24.jar;C:\Users\zakaria\.m2\repository\org\jetbrains\annotations\13.0\annotations-13.0.jar;C:\Users\zakaria\.m2\repository\org\jetbrains\kotlin\kotlin-stdlib-jdk7\1.9.24\kotlin-stdlib-jdk7-1.9.24.jar;C:\Users\zakaria\.m2\repository\com\fasterxml\jackson\core\jackson-annotations\2.15.4\jackson-annotations-2.15.4.jar;C:\Users\zakaria\.m2\repository\com\fasterxml\jackson\core\jackson-core\2.15.4\jackson-core-2.15.4.jar;C:\Users\zakaria\.m2\repository\org\bouncycastle\bcprov-jdk18on\1.76\bcprov-jdk18on-1.76.jar;C:\Users\zakaria\.m2\repository\org\apache\commons\commons-compress\1.24.0\commons-compress-1.24.0.jar;C:\Users\zakaria\.m2\repository\org\xerial\snappy\snappy-java\1.1.10.5\snappy-java-1.1.10.5.jar
Launcher Type: SUN_STANDARD

[Global flags]
     intx CICompilerCount                          = 4                                         {product} {ergonomic}
     uint ConcGCThreads                            = 2                                         {product} {ergonomic}
     uint G1ConcRefinementThreads                  = 8                                         {product} {ergonomic}
   size_t G1HeapRegionSize                         = 2097152                                   {product} {ergonomic}
   size_t InitialHeapSize                          = 266338304                                 {product} {ergonomic}
     bool ManagementServer                         = true                                      {product} {command line}
   size_t MarkStackSize                            = 4194304                                   {product} {ergonomic}
   size_t MarkStackSizeMax                         = 536870912                                 {product} {ergonomic}
   size_t MaxHeapSize                              = 4229955584                                {product} {ergonomic}
   size_t MaxNewSize                               = 2537553920                                {product} {ergonomic}
   size_t MinHeapDeltaBytes                        = 2097152                                   {product} {ergonomic}
   size_t MinHeapSize                              = 8388608                                   {product} {ergonomic}
    uintx NonNMethodCodeHeapSize                   = 4096                                   {pd product} {ergonomic}
    uintx NonProfiledCodeHeapSize                  = 0                                      {pd product} {ergonomic}
     bool ProfileInterpreter                       = false                                  {pd product} {command line}
    uintx ProfiledCodeHeapSize                     = 0                                      {pd product} {ergonomic}
   size_t SoftMaxHeapSize                          = 4229955584                             {manageable} {ergonomic}
     intx TieredStopAtLevel                        = 1                                         {product} {command line}
     bool UseCompressedOops                        = true                           {product lp64_product} {ergonomic}
     bool UseG1GC                                  = true                                      {product} {ergonomic}
     bool UseLargePagesIndividualAllocation        = false                                  {pd product} {ergonomic}

Logging:
Log output configuration:
 #0: stdout all=warning uptime,level,tags foldmultilines=false
 #1: stderr all=off uptime,level,tags foldmultilines=false

Environment Variables:
JAVA_HOME=C:\Program Files\Java\jdk-23
PATH=C:\Program Files\Java\jdk-23\bin;C:\Program Files\Java\jdk-17\bin;C:\Python314\Scripts\;C:\Python314\;D:\oracleDownload\bin;D:\app\client\zakaria\product\client_1\bin;D:\app\tg\zakaria\product\client_1\bin;C:\Program Files (x86)\VMware\VMware Workstation\bin\;D:\OracleXE\dbhomeXE\bin;C:\Program Files\Common Files\Oracle\Java\javapath;C:\Windows\system32;C:\Windows;C:\Windows\System32\Wbem;C:\Windows\System32\WindowsPowerShell\v1.0\;C:\Windows\System32\OpenSSH\;D:\XAMPP\php;C:\ProgramData\ComposerSetup\bin;C:\Program Files\Git\cmd;C:\Program Files\dotnet\;C:\Program Files (x86)\Microsoft SQL Server\160\Tools\Binn\;C:\Program Files\Microsoft SQL Server\160\Tools\Binn\;C:\Program Files\Microsoft SQL Server\Client SDK\ODBC\170\Tools\Binn\;C:\Program Files\Microsoft SQL Server\160\DTS\Binn\;C:\Program Files\Microsoft SQL Server\150\Tools\Binn\;C:\Program Files\Java\jdk-21\bin;C:\Program Files\MariaDB 11.7\bin;C:\Hadoop\hadoop-3.2.0\bin;C:\Spark\spark-3.5.5-bin-hadoop3\bin;C:\Program Files\Java\jdk-11.0.25\bin;C:\Program Files\Tailscale\;C:\Program Files (x86)\Windows Kits\10\Windows Performance Toolkit\;C:\Program Files\nodejs\;C:\ProgramData\chocolatey\bin;D:\Tp_Qualite\sonar-scanner-7.3.0.5189-windows-x64\bin;C:\Program Files\Docker\Docker\resources\bin;C:\Program Files\Java\jdk-17\bin;C:\Python314\Scripts\;C:\Python314\;D:\oracleDownload\bin;D:\app\client\zakaria\product\client_1\bin;D:\app\tg\zakaria\product\client_1\bin;C:\Program Files (x86)\VMware\VMware Workstation\bin\;D:\OracleXE\dbhomeXE\bin;C:\Program Files\Common Files\Oracle\Java\javapath;C:\Windows\system32;C:\Windows;C:\Windows\System32\Wbem;C:\Windows\System32\WindowsPowerShell\v1.0\;C:\Windows\System32\OpenSSH\;D:\XAMPP\php;C:\ProgramData\ComposerSetup\bin;C:\Program Files\Git\cmd;C:\Program Files\dotnet\;C:\Program Files (x86)\Microsoft SQL Server\160\Tools\Binn\;C:\Program Files\Microsoft SQL Server\160\Tools\Binn\;C:\Program Files\Microsoft SQL Server\Client SDK\ODBC\170\Tools\Binn\;C:\Program Files\Microsoft SQL Server\160\DTS\Binn\;C:\Program Files\Microsoft SQL Server\150\Tools\Binn\;C:\Program Files (x86)\Microsoft SQL Server\160\DTS\Binn\;C:\Program Files\Java\jdk-17\bin;C:\Program Files\Java\jdk-21\bin;C:\Program Files\Java\jdk-23\bin;C:\Program Files\MariaDB 11.7\bin;C:\Hadoop\hadoo;C:\Users\zakaria\AppData\Local\Pub\Cache\bin;D:\Flutter\flutter\bin;C:\Users\zakaria\AppData\Roaming\npm;C:\Users\zakaria\AppData\Local\Programs\Microsoft VS Code\bin
USERNAME=zakaria
OS=Windows_NT
PROCESSOR_IDENTIFIER=Intel64 Family 6 Model 142 Stepping 12, GenuineIntel
TMP=C:\Users\zakaria\AppData\Local\Temp
TEMP=C:\Users\zakaria\AppData\Local\Temp




Periodic native trim disabled

---------------  S Y S T E M  ---------------

OS:
 Windows 11 , 64 bit Build 22621 (10.0.22621.5415)
OS uptime: 1 days 14:50 hours
Hyper-V role detected

CPU: total 8 (initial active 8) (4 cores per cpu, 2 threads per core) family 6 model 142 stepping 12 microcode 0xf8, cx8, cmov, fxsr, ht, mmx, 3dnowpref, sse, sse2, sse3, ssse3, sse4.1, sse4.2, popcnt, lzcnt, tsc, tscinvbit, avx, avx2, aes, erms, clmul, bmi1, bmi2, adx, fma, vzeroupper, clflush, clflushopt, hv, rdtscp, f16c
Processor Information for the first 8 processors :
  Max Mhz: 2304, Current Mhz: 1803, Mhz Limit: 1797

Memory: 4k page, system-wide physical 16134M (987M free)
TotalPageFile size 33269M (AvailPageFile size 373M)
current process WorkingSet (physical memory assigned to process): 121M, peak: 121M
current process commit charge ("private bytes"): 376M, peak: 376M

vm_info: Java HotSpot(TM) 64-Bit Server VM (23+37-2369) for windows-amd64 JRE (23+37-2369), built on 2024-08-20T16:01:23Z with MS VC++ 17.6 (VS2022)

END.
